{"C:\\Users\\maazk\\OneDrive\\Desktop\\SQE\\SQE Project\\Web_Project\\Web_Project\\Web_Project_Backend\\index.js": {"path":"C:\\Users\\maazk\\OneDrive\\Desktop\\SQE\\SQE Project\\Web_Project\\Web_Project\\Web_Project_Backend\\index.js","statementMap":{"0":{"start":{"line":1,"column":16},"end":{"line":1,"column":34}},"1":{"start":{"line":2,"column":17},"end":{"line":2,"column":36}},"2":{"start":{"line":3,"column":15},"end":{"line":3,"column":31}},"3":{"start":{"line":4,"column":13},"end":{"line":4,"column":28}},"4":{"start":{"line":6,"column":45},"end":{"line":6,"column":70}},"5":{"start":{"line":14,"column":23},"end":{"line":14,"column":67}},"6":{"start":{"line":15,"column":178},"end":{"line":15,"column":236}},"7":{"start":{"line":16,"column":141},"end":{"line":16,"column":192}},"8":{"start":{"line":17,"column":72},"end":{"line":17,"column":117}},"9":{"start":{"line":18,"column":173},"end":{"line":18,"column":218}},"10":{"start":{"line":19,"column":121},"end":{"line":19,"column":179}},"11":{"start":{"line":20,"column":70},"end":{"line":20,"column":126}},"12":{"start":{"line":21,"column":74},"end":{"line":21,"column":148}},"13":{"start":{"line":22,"column":99},"end":{"line":22,"column":169}},"14":{"start":{"line":23,"column":86},"end":{"line":23,"column":142}},"15":{"start":{"line":24,"column":33},"end":{"line":24,"column":90}},"16":{"start":{"line":26,"column":10},"end":{"line":26,"column":19}},"17":{"start":{"line":30,"column":0},"end":{"line":30,"column":16}},"18":{"start":{"line":31,"column":0},"end":{"line":31,"column":24}},"19":{"start":{"line":37,"column":0},"end":{"line":37,"column":55}},"20":{"start":{"line":38,"column":0},"end":{"line":38,"column":41}},"21":{"start":{"line":39,"column":0},"end":{"line":39,"column":57}},"22":{"start":{"line":40,"column":0},"end":{"line":40,"column":37}},"23":{"start":{"line":43,"column":0},"end":{"line":43,"column":43}},"24":{"start":{"line":44,"column":0},"end":{"line":44,"column":49}},"25":{"start":{"line":45,"column":0},"end":{"line":45,"column":57}},"26":{"start":{"line":46,"column":0},"end":{"line":46,"column":55}},"27":{"start":{"line":47,"column":0},"end":{"line":47,"column":49}},"28":{"start":{"line":48,"column":0},"end":{"line":48,"column":46}},"29":{"start":{"line":49,"column":0},"end":{"line":49,"column":48}},"30":{"start":{"line":50,"column":0},"end":{"line":50,"column":58}},"31":{"start":{"line":51,"column":0},"end":{"line":51,"column":55}},"32":{"start":{"line":54,"column":0},"end":{"line":54,"column":42}},"33":{"start":{"line":55,"column":0},"end":{"line":55,"column":35}},"34":{"start":{"line":56,"column":0},"end":{"line":56,"column":40}},"35":{"start":{"line":57,"column":0},"end":{"line":57,"column":48}},"36":{"start":{"line":58,"column":0},"end":{"line":58,"column":52}},"37":{"start":{"line":59,"column":0},"end":{"line":59,"column":69}},"38":{"start":{"line":60,"column":0},"end":{"line":60,"column":68}},"39":{"start":{"line":63,"column":0},"end":{"line":63,"column":35}},"40":{"start":{"line":64,"column":0},"end":{"line":64,"column":32}},"41":{"start":{"line":65,"column":0},"end":{"line":65,"column":39}},"42":{"start":{"line":66,"column":0},"end":{"line":66,"column":38}},"43":{"start":{"line":67,"column":0},"end":{"line":67,"column":41}},"44":{"start":{"line":70,"column":0},"end":{"line":70,"column":54}},"45":{"start":{"line":71,"column":0},"end":{"line":71,"column":45}},"46":{"start":{"line":72,"column":0},"end":{"line":72,"column":50}},"47":{"start":{"line":73,"column":0},"end":{"line":73,"column":51}},"48":{"start":{"line":74,"column":0},"end":{"line":74,"column":38}},"49":{"start":{"line":75,"column":0},"end":{"line":75,"column":64}},"50":{"start":{"line":76,"column":0},"end":{"line":76,"column":87}},"51":{"start":{"line":77,"column":0},"end":{"line":77,"column":38}},"52":{"start":{"line":80,"column":0},"end":{"line":80,"column":37}},"53":{"start":{"line":81,"column":0},"end":{"line":81,"column":46}},"54":{"start":{"line":82,"column":0},"end":{"line":82,"column":51}},"55":{"start":{"line":83,"column":0},"end":{"line":83,"column":54}},"56":{"start":{"line":84,"column":0},"end":{"line":84,"column":50}},"57":{"start":{"line":85,"column":0},"end":{"line":85,"column":41}},"58":{"start":{"line":86,"column":0},"end":{"line":86,"column":55}},"59":{"start":{"line":87,"column":0},"end":{"line":87,"column":58}},"60":{"start":{"line":88,"column":0},"end":{"line":88,"column":86}},"61":{"start":{"line":89,"column":0},"end":{"line":89,"column":91}},"62":{"start":{"line":92,"column":0},"end":{"line":92,"column":36}},"63":{"start":{"line":93,"column":0},"end":{"line":93,"column":45}},"64":{"start":{"line":94,"column":0},"end":{"line":94,"column":57}},"65":{"start":{"line":95,"column":0},"end":{"line":95,"column":66}},"66":{"start":{"line":96,"column":0},"end":{"line":96,"column":69}},"67":{"start":{"line":97,"column":0},"end":{"line":97,"column":59}},"68":{"start":{"line":98,"column":0},"end":{"line":98,"column":59}},"69":{"start":{"line":99,"column":0},"end":{"line":99,"column":55}},"70":{"start":{"line":102,"column":0},"end":{"line":102,"column":103}},"71":{"start":{"line":103,"column":0},"end":{"line":103,"column":60}},"72":{"start":{"line":104,"column":0},"end":{"line":104,"column":56}},"73":{"start":{"line":105,"column":0},"end":{"line":105,"column":50}},"74":{"start":{"line":108,"column":0},"end":{"line":108,"column":55}},"75":{"start":{"line":109,"column":0},"end":{"line":109,"column":46}},"76":{"start":{"line":110,"column":0},"end":{"line":110,"column":70}},"77":{"start":{"line":113,"column":0},"end":{"line":113,"column":53}},"78":{"start":{"line":114,"column":0},"end":{"line":114,"column":62}},"79":{"start":{"line":117,"column":0},"end":{"line":117,"column":41}},"80":{"start":{"line":118,"column":0},"end":{"line":118,"column":44}},"81":{"start":{"line":119,"column":0},"end":{"line":119,"column":46}},"82":{"start":{"line":120,"column":0},"end":{"line":120,"column":50}},"83":{"start":{"line":123,"column":0},"end":{"line":123,"column":56}},"84":{"start":{"line":124,"column":0},"end":{"line":124,"column":67}},"85":{"start":{"line":125,"column":0},"end":{"line":125,"column":49}},"86":{"start":{"line":126,"column":0},"end":{"line":126,"column":54}},"87":{"start":{"line":130,"column":0},"end":{"line":132,"column":52}},"88":{"start":{"line":131,"column":16},"end":{"line":131,"column":47}},"89":{"start":{"line":132,"column":18},"end":{"line":132,"column":50}},"90":{"start":{"line":134,"column":0},"end":{"line":136,"column":3}},"91":{"start":{"line":135,"column":4},"end":{"line":135,"column":50}},"92":{"start":{"line":138,"column":0},"end":{"line":138,"column":21}}},"fnMap":{"0":{"name":"(anonymous_0)","decl":{"start":{"line":131,"column":10},"end":{"line":131,"column":11}},"loc":{"start":{"line":131,"column":16},"end":{"line":131,"column":47}},"line":131},"1":{"name":"(anonymous_1)","decl":{"start":{"line":132,"column":11},"end":{"line":132,"column":12}},"loc":{"start":{"line":132,"column":18},"end":{"line":132,"column":50}},"line":132},"2":{"name":"(anonymous_2)","decl":{"start":{"line":134,"column":17},"end":{"line":134,"column":18}},"loc":{"start":{"line":134,"column":23},"end":{"line":136,"column":1}},"line":134}},"branchMap":{},"s":{"0":1,"1":1,"2":1,"3":1,"4":1,"5":1,"6":1,"7":1,"8":1,"9":1,"10":1,"11":1,"12":1,"13":1,"14":1,"15":1,"16":1,"17":1,"18":1,"19":1,"20":1,"21":1,"22":1,"23":1,"24":1,"25":1,"26":1,"27":1,"28":1,"29":1,"30":1,"31":1,"32":1,"33":1,"34":1,"35":1,"36":1,"37":1,"38":1,"39":1,"40":1,"41":1,"42":1,"43":1,"44":1,"45":1,"46":1,"47":1,"48":1,"49":1,"50":1,"51":1,"52":1,"53":1,"54":1,"55":1,"56":1,"57":1,"58":1,"59":1,"60":1,"61":1,"62":1,"63":1,"64":1,"65":1,"66":1,"67":1,"68":1,"69":1,"70":1,"71":1,"72":1,"73":1,"74":1,"75":1,"76":1,"77":1,"78":1,"79":1,"80":1,"81":1,"82":1,"83":1,"84":1,"85":1,"86":1,"87":1,"88":1,"89":0,"90":1,"91":1,"92":1},"f":{"0":1,"1":0,"2":1},"b":{},"_coverageSchema":"1a1c01bbd47fc00a2c39e90264f33305004495a9","hash":"4f61b21f9e56e1c446e2088e56585d6abed281df"}
,"C:\\Users\\maazk\\OneDrive\\Desktop\\SQE\\SQE Project\\Web_Project\\Web_Project\\Web_Project_Backend\\modules\\adminSellerUser\\AdminSellerController.js": {"path":"C:\\Users\\maazk\\OneDrive\\Desktop\\SQE\\SQE Project\\Web_Project\\Web_Project\\Web_Project_Backend\\modules\\adminSellerUser\\AdminSellerController.js","statementMap":{"0":{"start":{"line":1,"column":12},"end":{"line":1,"column":35}},"1":{"start":{"line":2,"column":15},"end":{"line":2,"column":32}},"2":{"start":{"line":3,"column":28},"end":{"line":3,"column":56}},"3":{"start":{"line":4,"column":14},"end":{"line":4,"column":40}},"4":{"start":{"line":8,"column":28},"end":{"line":45,"column":1}},"5":{"start":{"line":9,"column":4},"end":{"line":44,"column":5}},"6":{"start":{"line":11,"column":48},"end":{"line":11,"column":56}},"7":{"start":{"line":13,"column":22},"end":{"line":13,"column":33}},"8":{"start":{"line":15,"column":29},"end":{"line":15,"column":65}},"9":{"start":{"line":16,"column":8},"end":{"line":18,"column":9}},"10":{"start":{"line":17,"column":12},"end":{"line":17,"column":95}},"11":{"start":{"line":21,"column":31},"end":{"line":21,"column":62}},"12":{"start":{"line":24,"column":24},"end":{"line":31,"column":10}},"13":{"start":{"line":34,"column":8},"end":{"line":34,"column":29}},"14":{"start":{"line":37,"column":22},"end":{"line":37,"column":95}},"15":{"start":{"line":40,"column":8},"end":{"line":40,"column":55}},"16":{"start":{"line":42,"column":8},"end":{"line":42,"column":64}},"17":{"start":{"line":43,"column":8},"end":{"line":43,"column":90}},"18":{"start":{"line":47,"column":30},"end":{"line":63,"column":1}},"19":{"start":{"line":48,"column":4},"end":{"line":62,"column":5}},"20":{"start":{"line":49,"column":29},"end":{"line":49,"column":37}},"21":{"start":{"line":50,"column":22},"end":{"line":50,"column":33}},"22":{"start":{"line":53,"column":21},"end":{"line":53,"column":72}},"23":{"start":{"line":54,"column":8},"end":{"line":56,"column":9}},"24":{"start":{"line":55,"column":12},"end":{"line":55,"column":74}},"25":{"start":{"line":58,"column":8},"end":{"line":58,"column":39}},"26":{"start":{"line":60,"column":8},"end":{"line":60,"column":64}},"27":{"start":{"line":61,"column":8},"end":{"line":61,"column":90}},"28":{"start":{"line":65,"column":27},"end":{"line":114,"column":1}},"29":{"start":{"line":66,"column":4},"end":{"line":113,"column":5}},"30":{"start":{"line":68,"column":21},"end":{"line":68,"column":50}},"31":{"start":{"line":69,"column":22},"end":{"line":69,"column":53}},"32":{"start":{"line":70,"column":21},"end":{"line":70,"column":39}},"33":{"start":{"line":73,"column":21},"end":{"line":73,"column":34}},"34":{"start":{"line":74,"column":22},"end":{"line":74,"column":33}},"35":{"start":{"line":77,"column":27},"end":{"line":77,"column":55}},"36":{"start":{"line":78,"column":27},"end":{"line":78,"column":56}},"37":{"start":{"line":81,"column":22},"end":{"line":85,"column":36}},"38":{"start":{"line":88,"column":8},"end":{"line":92,"column":9}},"39":{"start":{"line":89,"column":12},"end":{"line":91,"column":15}},"40":{"start":{"line":95,"column":8},"end":{"line":105,"column":11}},"41":{"start":{"line":108,"column":8},"end":{"line":108,"column":70}},"42":{"start":{"line":109,"column":8},"end":{"line":112,"column":11}},"43":{"start":{"line":117,"column":33},"end":{"line":145,"column":1}},"44":{"start":{"line":118,"column":4},"end":{"line":144,"column":5}},"45":{"start":{"line":119,"column":41},"end":{"line":119,"column":49}},"46":{"start":{"line":120,"column":22},"end":{"line":120,"column":33}},"47":{"start":{"line":122,"column":8},"end":{"line":122,"column":41}},"48":{"start":{"line":125,"column":25},"end":{"line":125,"column":33}},"49":{"start":{"line":126,"column":8},"end":{"line":128,"column":9}},"50":{"start":{"line":127,"column":12},"end":{"line":127,"column":66}},"51":{"start":{"line":131,"column":28},"end":{"line":134,"column":10}},"52":{"start":{"line":136,"column":8},"end":{"line":138,"column":9}},"53":{"start":{"line":137,"column":12},"end":{"line":137,"column":71}},"54":{"start":{"line":140,"column":8},"end":{"line":140,"column":42}},"55":{"start":{"line":142,"column":8},"end":{"line":142,"column":64}},"56":{"start":{"line":143,"column":8},"end":{"line":143,"column":90}},"57":{"start":{"line":148,"column":26},"end":{"line":167,"column":1}},"58":{"start":{"line":149,"column":4},"end":{"line":166,"column":5}},"59":{"start":{"line":150,"column":22},"end":{"line":150,"column":35}},"60":{"start":{"line":152,"column":8},"end":{"line":152,"column":24}},"61":{"start":{"line":153,"column":22},"end":{"line":153,"column":33}},"62":{"start":{"line":156,"column":28},"end":{"line":156,"column":62}},"63":{"start":{"line":158,"column":8},"end":{"line":160,"column":9}},"64":{"start":{"line":159,"column":12},"end":{"line":159,"column":61}},"65":{"start":{"line":162,"column":8},"end":{"line":162,"column":66}},"66":{"start":{"line":164,"column":8},"end":{"line":164,"column":61}},"67":{"start":{"line":165,"column":8},"end":{"line":165,"column":87}},"68":{"start":{"line":169,"column":21},"end":{"line":217,"column":1}},"69":{"start":{"line":170,"column":4},"end":{"line":216,"column":5}},"70":{"start":{"line":172,"column":21},"end":{"line":172,"column":50}},"71":{"start":{"line":173,"column":22},"end":{"line":173,"column":53}},"72":{"start":{"line":174,"column":21},"end":{"line":174,"column":39}},"73":{"start":{"line":176,"column":21},"end":{"line":176,"column":34}},"74":{"start":{"line":177,"column":22},"end":{"line":177,"column":33}},"75":{"start":{"line":180,"column":27},"end":{"line":180,"column":63}},"76":{"start":{"line":181,"column":27},"end":{"line":181,"column":56}},"77":{"start":{"line":184,"column":22},"end":{"line":188,"column":36}},"78":{"start":{"line":191,"column":8},"end":{"line":195,"column":9}},"79":{"start":{"line":192,"column":12},"end":{"line":194,"column":15}},"80":{"start":{"line":198,"column":8},"end":{"line":208,"column":11}},"81":{"start":{"line":211,"column":8},"end":{"line":211,"column":62}},"82":{"start":{"line":212,"column":8},"end":{"line":215,"column":11}},"83":{"start":{"line":219,"column":22},"end":{"line":242,"column":1}},"84":{"start":{"line":220,"column":4},"end":{"line":241,"column":5}},"85":{"start":{"line":221,"column":8},"end":{"line":221,"column":28}},"86":{"start":{"line":224,"column":22},"end":{"line":225,"column":46}},"87":{"start":{"line":227,"column":8},"end":{"line":227,"column":27}},"88":{"start":{"line":228,"column":8},"end":{"line":230,"column":9}},"89":{"start":{"line":229,"column":12},"end":{"line":229,"column":74}},"90":{"start":{"line":231,"column":8},"end":{"line":233,"column":11}},"91":{"start":{"line":236,"column":8},"end":{"line":236,"column":62}},"92":{"start":{"line":237,"column":8},"end":{"line":240,"column":11}},"93":{"start":{"line":244,"column":23},"end":{"line":264,"column":1}},"94":{"start":{"line":245,"column":4},"end":{"line":245,"column":24}},"95":{"start":{"line":246,"column":18},"end":{"line":246,"column":35}},"96":{"start":{"line":247,"column":20},"end":{"line":247,"column":62}},"97":{"start":{"line":248,"column":19},"end":{"line":248,"column":64}},"98":{"start":{"line":249,"column":26},"end":{"line":251,"column":17}},"99":{"start":{"line":252,"column":29},"end":{"line":252,"column":94}},"100":{"start":{"line":254,"column":17},"end":{"line":261,"column":5}},"101":{"start":{"line":263,"column":4},"end":{"line":263,"column":19}},"102":{"start":{"line":267,"column":24},"end":{"line":292,"column":1}},"103":{"start":{"line":269,"column":15},"end":{"line":269,"column":28}},"104":{"start":{"line":270,"column":19},"end":{"line":270,"column":94}},"105":{"start":{"line":271,"column":4},"end":{"line":271,"column":23}},"106":{"start":{"line":272,"column":4},"end":{"line":272,"column":34}},"107":{"start":{"line":273,"column":19},"end":{"line":273,"column":51}},"108":{"start":{"line":274,"column":29},"end":{"line":274,"column":80}},"109":{"start":{"line":276,"column":21},"end":{"line":276,"column":22}},"110":{"start":{"line":277,"column":4},"end":{"line":279,"column":6}},"111":{"start":{"line":278,"column":8},"end":{"line":278,"column":34}},"112":{"start":{"line":281,"column":25},"end":{"line":281,"column":26}},"113":{"start":{"line":282,"column":17},"end":{"line":290,"column":5}},"114":{"start":{"line":291,"column":4},"end":{"line":291,"column":19}},"115":{"start":{"line":297,"column":0},"end":{"line":307,"column":2}}},"fnMap":{"0":{"name":"(anonymous_0)","decl":{"start":{"line":8,"column":28},"end":{"line":8,"column":29}},"loc":{"start":{"line":8,"column":48},"end":{"line":45,"column":1}},"line":8},"1":{"name":"(anonymous_1)","decl":{"start":{"line":47,"column":30},"end":{"line":47,"column":31}},"loc":{"start":{"line":47,"column":50},"end":{"line":63,"column":1}},"line":47},"2":{"name":"(anonymous_2)","decl":{"start":{"line":65,"column":27},"end":{"line":65,"column":28}},"loc":{"start":{"line":65,"column":47},"end":{"line":114,"column":1}},"line":65},"3":{"name":"(anonymous_3)","decl":{"start":{"line":117,"column":33},"end":{"line":117,"column":34}},"loc":{"start":{"line":117,"column":53},"end":{"line":145,"column":1}},"line":117},"4":{"name":"(anonymous_4)","decl":{"start":{"line":148,"column":26},"end":{"line":148,"column":27}},"loc":{"start":{"line":148,"column":46},"end":{"line":167,"column":1}},"line":148},"5":{"name":"(anonymous_5)","decl":{"start":{"line":169,"column":21},"end":{"line":169,"column":22}},"loc":{"start":{"line":169,"column":41},"end":{"line":217,"column":1}},"line":169},"6":{"name":"(anonymous_6)","decl":{"start":{"line":219,"column":22},"end":{"line":219,"column":23}},"loc":{"start":{"line":219,"column":42},"end":{"line":242,"column":1}},"line":219},"7":{"name":"(anonymous_7)","decl":{"start":{"line":244,"column":23},"end":{"line":244,"column":24}},"loc":{"start":{"line":244,"column":42},"end":{"line":264,"column":1}},"line":244},"8":{"name":"(anonymous_8)","decl":{"start":{"line":267,"column":24},"end":{"line":267,"column":25}},"loc":{"start":{"line":267,"column":43},"end":{"line":292,"column":1}},"line":267},"9":{"name":"(anonymous_9)","decl":{"start":{"line":277,"column":15},"end":{"line":277,"column":16}},"loc":{"start":{"line":277,"column":26},"end":{"line":279,"column":5}},"line":277}},"branchMap":{"0":{"loc":{"start":{"line":16,"column":8},"end":{"line":18,"column":9}},"type":"if","locations":[{"start":{"line":16,"column":8},"end":{"line":18,"column":9}},{"start":{},"end":{}}],"line":16},"1":{"loc":{"start":{"line":54,"column":8},"end":{"line":56,"column":9}},"type":"if","locations":[{"start":{"line":54,"column":8},"end":{"line":56,"column":9}},{"start":{},"end":{}}],"line":54},"2":{"loc":{"start":{"line":68,"column":21},"end":{"line":68,"column":50}},"type":"binary-expr","locations":[{"start":{"line":68,"column":21},"end":{"line":68,"column":45}},{"start":{"line":68,"column":49},"end":{"line":68,"column":50}}],"line":68},"3":{"loc":{"start":{"line":69,"column":22},"end":{"line":69,"column":53}},"type":"binary-expr","locations":[{"start":{"line":69,"column":22},"end":{"line":69,"column":47}},{"start":{"line":69,"column":51},"end":{"line":69,"column":53}}],"line":69},"4":{"loc":{"start":{"line":88,"column":8},"end":{"line":92,"column":9}},"type":"if","locations":[{"start":{"line":88,"column":8},"end":{"line":92,"column":9}},{"start":{},"end":{}}],"line":88},"5":{"loc":{"start":{"line":126,"column":8},"end":{"line":128,"column":9}},"type":"if","locations":[{"start":{"line":126,"column":8},"end":{"line":128,"column":9}},{"start":{},"end":{}}],"line":126},"6":{"loc":{"start":{"line":136,"column":8},"end":{"line":138,"column":9}},"type":"if","locations":[{"start":{"line":136,"column":8},"end":{"line":138,"column":9}},{"start":{},"end":{}}],"line":136},"7":{"loc":{"start":{"line":158,"column":8},"end":{"line":160,"column":9}},"type":"if","locations":[{"start":{"line":158,"column":8},"end":{"line":160,"column":9}},{"start":{},"end":{}}],"line":158},"8":{"loc":{"start":{"line":172,"column":21},"end":{"line":172,"column":50}},"type":"binary-expr","locations":[{"start":{"line":172,"column":21},"end":{"line":172,"column":45}},{"start":{"line":172,"column":49},"end":{"line":172,"column":50}}],"line":172},"9":{"loc":{"start":{"line":173,"column":22},"end":{"line":173,"column":53}},"type":"binary-expr","locations":[{"start":{"line":173,"column":22},"end":{"line":173,"column":47}},{"start":{"line":173,"column":51},"end":{"line":173,"column":53}}],"line":173},"10":{"loc":{"start":{"line":191,"column":8},"end":{"line":195,"column":9}},"type":"if","locations":[{"start":{"line":191,"column":8},"end":{"line":195,"column":9}},{"start":{},"end":{}}],"line":191},"11":{"loc":{"start":{"line":228,"column":8},"end":{"line":230,"column":9}},"type":"if","locations":[{"start":{"line":228,"column":8},"end":{"line":230,"column":9}},{"start":{},"end":{}}],"line":228}},"s":{"0":1,"1":1,"2":1,"3":1,"4":1,"5":0,"6":0,"7":0,"8":0,"9":0,"10":0,"11":0,"12":0,"13":0,"14":0,"15":0,"16":0,"17":0,"18":1,"19":0,"20":0,"21":0,"22":0,"23":0,"24":0,"25":0,"26":0,"27":0,"28":1,"29":0,"30":0,"31":0,"32":0,"33":0,"34":0,"35":0,"36":0,"37":0,"38":0,"39":0,"40":0,"41":0,"42":0,"43":1,"44":0,"45":0,"46":0,"47":0,"48":0,"49":0,"50":0,"51":0,"52":0,"53":0,"54":0,"55":0,"56":0,"57":1,"58":0,"59":0,"60":0,"61":0,"62":0,"63":0,"64":0,"65":0,"66":0,"67":0,"68":1,"69":0,"70":0,"71":0,"72":0,"73":0,"74":0,"75":0,"76":0,"77":0,"78":0,"79":0,"80":0,"81":0,"82":0,"83":1,"84":0,"85":0,"86":0,"87":0,"88":0,"89":0,"90":0,"91":0,"92":0,"93":1,"94":0,"95":0,"96":0,"97":0,"98":0,"99":0,"100":0,"101":0,"102":1,"103":0,"104":0,"105":0,"106":0,"107":0,"108":0,"109":0,"110":0,"111":0,"112":0,"113":0,"114":0,"115":1},"f":{"0":0,"1":0,"2":0,"3":0,"4":0,"5":0,"6":0,"7":0,"8":0,"9":0},"b":{"0":[0,0],"1":[0,0],"2":[0,0],"3":[0,0],"4":[0,0],"5":[0,0],"6":[0,0],"7":[0,0],"8":[0,0],"9":[0,0],"10":[0,0],"11":[0,0]},"_coverageSchema":"1a1c01bbd47fc00a2c39e90264f33305004495a9","hash":"0bd5e70f4e8de0efafc76c304151eb0e0cb43d89"}
,"C:\\Users\\maazk\\OneDrive\\Desktop\\SQE\\SQE Project\\Web_Project\\Web_Project\\Web_Project_Backend\\modules\\adminSellerUser\\AdminSellerUser.js": {"path":"C:\\Users\\maazk\\OneDrive\\Desktop\\SQE\\SQE Project\\Web_Project\\Web_Project\\Web_Project_Backend\\modules\\adminSellerUser\\AdminSellerUser.js","statementMap":{"0":{"start":{"line":1,"column":17},"end":{"line":1,"column":36}},"1":{"start":{"line":3,"column":26},"end":{"line":12,"column":2}},"2":{"start":{"line":15,"column":30},"end":{"line":18,"column":2}},"3":{"start":{"line":20,"column":19},"end":{"line":29,"column":2}},"4":{"start":{"line":31,"column":20},"end":{"line":31,"column":62}},"5":{"start":{"line":32,"column":13},"end":{"line":32,"column":47}},"6":{"start":{"line":35,"column":0},"end":{"line":38,"column":2}}},"fnMap":{},"branchMap":{},"s":{"0":1,"1":1,"2":1,"3":1,"4":1,"5":1,"6":1},"f":{},"b":{},"_coverageSchema":"1a1c01bbd47fc00a2c39e90264f33305004495a9","hash":"3a090620691b193494f9fd9e6447c63c167ffa19"}
,"C:\\Users\\maazk\\OneDrive\\Desktop\\SQE\\SQE Project\\Web_Project\\Web_Project\\Web_Project_Backend\\modules\\adminSellerUser\\SellerCard.js": {"path":"C:\\Users\\maazk\\OneDrive\\Desktop\\SQE\\SQE Project\\Web_Project\\Web_Project\\Web_Project_Backend\\modules\\adminSellerUser\\SellerCard.js","statementMap":{"0":{"start":{"line":1,"column":17},"end":{"line":1,"column":36}},"1":{"start":{"line":3,"column":25},"end":{"line":10,"column":24}},"2":{"start":{"line":12,"column":19},"end":{"line":12,"column":65}},"3":{"start":{"line":14,"column":0},"end":{"line":14,"column":28}}},"fnMap":{},"branchMap":{},"s":{"0":1,"1":1,"2":1,"3":1},"f":{},"b":{},"_coverageSchema":"1a1c01bbd47fc00a2c39e90264f33305004495a9","hash":"a14994d4479c65957e2b1c4c91007ed95b6692f8"}
,"C:\\Users\\maazk\\OneDrive\\Desktop\\SQE\\SQE Project\\Web_Project\\Web_Project\\Web_Project_Backend\\modules\\adminSellerUser\\SellerCardController.js": {"path":"C:\\Users\\maazk\\OneDrive\\Desktop\\SQE\\SQE Project\\Web_Project\\Web_Project\\Web_Project_Backend\\modules\\adminSellerUser\\SellerCardController.js","statementMap":{"0":{"start":{"line":1,"column":24},"end":{"line":1,"column":52}},"1":{"start":{"line":2,"column":19},"end":{"line":2,"column":42}},"2":{"start":{"line":5,"column":29},"end":{"line":27,"column":1}},"3":{"start":{"line":6,"column":4},"end":{"line":26,"column":5}},"4":{"start":{"line":7,"column":74},"end":{"line":7,"column":82}},"5":{"start":{"line":9,"column":23},"end":{"line":9,"column":59}},"6":{"start":{"line":10,"column":8},"end":{"line":12,"column":9}},"7":{"start":{"line":11,"column":12},"end":{"line":11,"column":71}},"8":{"start":{"line":14,"column":24},"end":{"line":20,"column":10}},"9":{"start":{"line":22,"column":8},"end":{"line":22,"column":29}},"10":{"start":{"line":23,"column":8},"end":{"line":23,"column":92}},"11":{"start":{"line":25,"column":8},"end":{"line":25,"column":55}},"12":{"start":{"line":28,"column":13},"end":{"line":28,"column":33}},"13":{"start":{"line":29,"column":15},"end":{"line":29,"column":143}},"14":{"start":{"line":31,"column":31},"end":{"line":63,"column":1}},"15":{"start":{"line":32,"column":4},"end":{"line":62,"column":5}},"16":{"start":{"line":33,"column":24},"end":{"line":33,"column":48}},"17":{"start":{"line":35,"column":8},"end":{"line":59,"column":9}},"18":{"start":{"line":36,"column":12},"end":{"line":58,"column":13}},"19":{"start":{"line":37,"column":29},"end":{"line":37,"column":79}},"20":{"start":{"line":38,"column":16},"end":{"line":41,"column":17}},"21":{"start":{"line":39,"column":20},"end":{"line":39,"column":77}},"22":{"start":{"line":40,"column":20},"end":{"line":40,"column":29}},"23":{"start":{"line":44,"column":38},"end":{"line":50,"column":18}},"24":{"start":{"line":52,"column":16},"end":{"line":52,"column":100}},"25":{"start":{"line":55,"column":16},"end":{"line":55,"column":59}},"26":{"start":{"line":56,"column":16},"end":{"line":56,"column":38}},"27":{"start":{"line":57,"column":16},"end":{"line":57,"column":36}},"28":{"start":{"line":61,"column":8},"end":{"line":61,"column":75}},"29":{"start":{"line":66,"column":0},"end":{"line":66,"column":51}},"30":{"start":{"line":68,"column":0},"end":{"line":70,"column":2}}},"fnMap":{"0":{"name":"(anonymous_0)","decl":{"start":{"line":5,"column":29},"end":{"line":5,"column":30}},"loc":{"start":{"line":5,"column":49},"end":{"line":27,"column":1}},"line":5},"1":{"name":"(anonymous_1)","decl":{"start":{"line":31,"column":31},"end":{"line":31,"column":32}},"loc":{"start":{"line":31,"column":43},"end":{"line":63,"column":1}},"line":31}},"branchMap":{"0":{"loc":{"start":{"line":10,"column":8},"end":{"line":12,"column":9}},"type":"if","locations":[{"start":{"line":10,"column":8},"end":{"line":12,"column":9}},{"start":{},"end":{}}],"line":10},"1":{"loc":{"start":{"line":36,"column":12},"end":{"line":58,"column":13}},"type":"if","locations":[{"start":{"line":36,"column":12},"end":{"line":58,"column":13}},{"start":{},"end":{}}],"line":36},"2":{"loc":{"start":{"line":38,"column":16},"end":{"line":41,"column":17}},"type":"if","locations":[{"start":{"line":38,"column":16},"end":{"line":41,"column":17}},{"start":{},"end":{}}],"line":38}},"s":{"0":1,"1":1,"2":1,"3":0,"4":0,"5":0,"6":0,"7":0,"8":0,"9":0,"10":0,"11":0,"12":1,"13":1,"14":1,"15":0,"16":0,"17":0,"18":0,"19":0,"20":0,"21":0,"22":0,"23":0,"24":0,"25":0,"26":0,"27":0,"28":0,"29":1,"30":1},"f":{"0":0,"1":0},"b":{"0":[0,0],"1":[0,0],"2":[0,0]},"_coverageSchema":"1a1c01bbd47fc00a2c39e90264f33305004495a9","hash":"5a094b47cf04e0481f9227b481c2039f8bf09a78"}
,"C:\\Users\\maazk\\OneDrive\\Desktop\\SQE\\SQE Project\\Web_Project\\Web_Project\\Web_Project_Backend\\modules\\adminSellerUser\\UserController.js": {"path":"C:\\Users\\maazk\\OneDrive\\Desktop\\SQE\\SQE Project\\Web_Project\\Web_Project\\Web_Project_Backend\\modules\\adminSellerUser\\UserController.js","statementMap":{"0":{"start":{"line":1,"column":15},"end":{"line":1,"column":43}},"1":{"start":{"line":2,"column":12},"end":{"line":2,"column":35}},"2":{"start":{"line":3,"column":15},"end":{"line":3,"column":32}},"3":{"start":{"line":5,"column":21},"end":{"line":29,"column":1}},"4":{"start":{"line":7,"column":17},"end":{"line":7,"column":35}},"5":{"start":{"line":8,"column":22},"end":{"line":8,"column":30}},"6":{"start":{"line":9,"column":4},"end":{"line":10,"column":54}},"7":{"start":{"line":10,"column":8},"end":{"line":10,"column":54}},"8":{"start":{"line":12,"column":4},"end":{"line":13,"column":60}},"9":{"start":{"line":13,"column":8},"end":{"line":13,"column":60}},"10":{"start":{"line":15,"column":22},"end":{"line":15,"column":58}},"11":{"start":{"line":17,"column":4},"end":{"line":28,"column":5}},"12":{"start":{"line":18,"column":8},"end":{"line":18,"column":59}},"13":{"start":{"line":20,"column":29},"end":{"line":20,"column":37}},"14":{"start":{"line":21,"column":31},"end":{"line":21,"column":62}},"15":{"start":{"line":23,"column":8},"end":{"line":23,"column":39}},"16":{"start":{"line":24,"column":8},"end":{"line":24,"column":34}},"17":{"start":{"line":26,"column":8},"end":{"line":26,"column":26}},"18":{"start":{"line":27,"column":8},"end":{"line":27,"column":35}},"19":{"start":{"line":31,"column":19},"end":{"line":48,"column":1}},"20":{"start":{"line":32,"column":4},"end":{"line":47,"column":5}},"21":{"start":{"line":33,"column":23},"end":{"line":33,"column":36}},"22":{"start":{"line":35,"column":21},"end":{"line":38,"column":66}},"23":{"start":{"line":40,"column":8},"end":{"line":42,"column":9}},"24":{"start":{"line":41,"column":12},"end":{"line":41,"column":71}},"25":{"start":{"line":44,"column":8},"end":{"line":44,"column":35}},"26":{"start":{"line":46,"column":8},"end":{"line":46,"column":57}},"27":{"start":{"line":51,"column":31},"end":{"line":64,"column":1}},"28":{"start":{"line":52,"column":4},"end":{"line":63,"column":5}},"29":{"start":{"line":53,"column":23},"end":{"line":53,"column":40}},"30":{"start":{"line":55,"column":21},"end":{"line":55,"column":48}},"31":{"start":{"line":57,"column":8},"end":{"line":59,"column":9}},"32":{"start":{"line":58,"column":12},"end":{"line":58,"column":71}},"33":{"start":{"line":60,"column":8},"end":{"line":60,"column":48}},"34":{"start":{"line":62,"column":8},"end":{"line":62,"column":57}},"35":{"start":{"line":66,"column":20},"end":{"line":80,"column":1}},"36":{"start":{"line":67,"column":4},"end":{"line":79,"column":5}},"37":{"start":{"line":70,"column":22},"end":{"line":74,"column":66}},"38":{"start":{"line":76,"column":8},"end":{"line":76,"column":36}},"39":{"start":{"line":78,"column":8},"end":{"line":78,"column":57}},"40":{"start":{"line":82,"column":22},"end":{"line":106,"column":1}},"41":{"start":{"line":83,"column":4},"end":{"line":105,"column":5}},"42":{"start":{"line":85,"column":23},"end":{"line":85,"column":35}},"43":{"start":{"line":86,"column":25},"end":{"line":86,"column":33}},"44":{"start":{"line":87,"column":8},"end":{"line":87,"column":28}},"45":{"start":{"line":89,"column":28},"end":{"line":95,"column":66}},"46":{"start":{"line":97,"column":8},"end":{"line":99,"column":9}},"47":{"start":{"line":98,"column":12},"end":{"line":98,"column":71}},"48":{"start":{"line":102,"column":8},"end":{"line":102,"column":42}},"49":{"start":{"line":104,"column":8},"end":{"line":104,"column":57}},"50":{"start":{"line":108,"column":19},"end":{"line":122,"column":1}},"51":{"start":{"line":109,"column":4},"end":{"line":121,"column":5}},"52":{"start":{"line":110,"column":23},"end":{"line":110,"column":40}},"53":{"start":{"line":112,"column":21},"end":{"line":112,"column":57}},"54":{"start":{"line":114,"column":8},"end":{"line":116,"column":9}},"55":{"start":{"line":115,"column":12},"end":{"line":115,"column":90}},"56":{"start":{"line":118,"column":8},"end":{"line":118,"column":71}},"57":{"start":{"line":120,"column":8},"end":{"line":120,"column":57}},"58":{"start":{"line":124,"column":24},"end":{"line":140,"column":1}},"59":{"start":{"line":125,"column":4},"end":{"line":139,"column":5}},"60":{"start":{"line":126,"column":23},"end":{"line":126,"column":40}},"61":{"start":{"line":128,"column":21},"end":{"line":130,"column":37}},"62":{"start":{"line":132,"column":8},"end":{"line":134,"column":9}},"63":{"start":{"line":133,"column":12},"end":{"line":133,"column":72}},"64":{"start":{"line":136,"column":8},"end":{"line":136,"column":50}},"65":{"start":{"line":138,"column":8},"end":{"line":138,"column":57}},"66":{"start":{"line":142,"column":39},"end":{"line":158,"column":1}},"67":{"start":{"line":143,"column":4},"end":{"line":157,"column":5}},"68":{"start":{"line":144,"column":23},"end":{"line":144,"column":40}},"69":{"start":{"line":146,"column":21},"end":{"line":148,"column":35}},"70":{"start":{"line":150,"column":8},"end":{"line":152,"column":9}},"71":{"start":{"line":151,"column":12},"end":{"line":151,"column":79}},"72":{"start":{"line":154,"column":8},"end":{"line":154,"column":48}},"73":{"start":{"line":156,"column":8},"end":{"line":156,"column":57}},"74":{"start":{"line":160,"column":0},"end":{"line":168,"column":2}}},"fnMap":{"0":{"name":"(anonymous_0)","decl":{"start":{"line":5,"column":21},"end":{"line":5,"column":22}},"loc":{"start":{"line":5,"column":41},"end":{"line":29,"column":1}},"line":5},"1":{"name":"(anonymous_1)","decl":{"start":{"line":31,"column":19},"end":{"line":31,"column":20}},"loc":{"start":{"line":31,"column":39},"end":{"line":48,"column":1}},"line":31},"2":{"name":"(anonymous_2)","decl":{"start":{"line":51,"column":31},"end":{"line":51,"column":32}},"loc":{"start":{"line":51,"column":51},"end":{"line":64,"column":1}},"line":51},"3":{"name":"(anonymous_3)","decl":{"start":{"line":66,"column":20},"end":{"line":66,"column":21}},"loc":{"start":{"line":66,"column":40},"end":{"line":80,"column":1}},"line":66},"4":{"name":"(anonymous_4)","decl":{"start":{"line":82,"column":22},"end":{"line":82,"column":23}},"loc":{"start":{"line":82,"column":42},"end":{"line":106,"column":1}},"line":82},"5":{"name":"(anonymous_5)","decl":{"start":{"line":108,"column":19},"end":{"line":108,"column":20}},"loc":{"start":{"line":108,"column":39},"end":{"line":122,"column":1}},"line":108},"6":{"name":"(anonymous_6)","decl":{"start":{"line":124,"column":24},"end":{"line":124,"column":25}},"loc":{"start":{"line":124,"column":44},"end":{"line":140,"column":1}},"line":124},"7":{"name":"(anonymous_7)","decl":{"start":{"line":142,"column":39},"end":{"line":142,"column":40}},"loc":{"start":{"line":142,"column":59},"end":{"line":158,"column":1}},"line":142}},"branchMap":{"0":{"loc":{"start":{"line":9,"column":4},"end":{"line":10,"column":54}},"type":"if","locations":[{"start":{"line":9,"column":4},"end":{"line":10,"column":54}},{"start":{},"end":{}}],"line":9},"1":{"loc":{"start":{"line":12,"column":4},"end":{"line":13,"column":60}},"type":"if","locations":[{"start":{"line":12,"column":4},"end":{"line":13,"column":60}},{"start":{},"end":{}}],"line":12},"2":{"loc":{"start":{"line":17,"column":4},"end":{"line":28,"column":5}},"type":"if","locations":[{"start":{"line":17,"column":4},"end":{"line":28,"column":5}},{"start":{"line":19,"column":11},"end":{"line":28,"column":5}}],"line":17},"3":{"loc":{"start":{"line":40,"column":8},"end":{"line":42,"column":9}},"type":"if","locations":[{"start":{"line":40,"column":8},"end":{"line":42,"column":9}},{"start":{},"end":{}}],"line":40},"4":{"loc":{"start":{"line":57,"column":8},"end":{"line":59,"column":9}},"type":"if","locations":[{"start":{"line":57,"column":8},"end":{"line":59,"column":9}},{"start":{},"end":{}}],"line":57},"5":{"loc":{"start":{"line":97,"column":8},"end":{"line":99,"column":9}},"type":"if","locations":[{"start":{"line":97,"column":8},"end":{"line":99,"column":9}},{"start":{},"end":{}}],"line":97},"6":{"loc":{"start":{"line":114,"column":8},"end":{"line":116,"column":9}},"type":"if","locations":[{"start":{"line":114,"column":8},"end":{"line":116,"column":9}},{"start":{},"end":{}}],"line":114},"7":{"loc":{"start":{"line":132,"column":8},"end":{"line":134,"column":9}},"type":"if","locations":[{"start":{"line":132,"column":8},"end":{"line":134,"column":9}},{"start":{},"end":{}}],"line":132},"8":{"loc":{"start":{"line":150,"column":8},"end":{"line":152,"column":9}},"type":"if","locations":[{"start":{"line":150,"column":8},"end":{"line":152,"column":9}},{"start":{},"end":{}}],"line":150}},"s":{"0":1,"1":1,"2":1,"3":1,"4":0,"5":0,"6":0,"7":0,"8":0,"9":0,"10":0,"11":0,"12":0,"13":0,"14":0,"15":0,"16":0,"17":0,"18":0,"19":1,"20":0,"21":0,"22":0,"23":0,"24":0,"25":0,"26":0,"27":1,"28":0,"29":0,"30":0,"31":0,"32":0,"33":0,"34":0,"35":1,"36":0,"37":0,"38":0,"39":0,"40":1,"41":0,"42":0,"43":0,"44":0,"45":0,"46":0,"47":0,"48":0,"49":0,"50":1,"51":0,"52":0,"53":0,"54":0,"55":0,"56":0,"57":0,"58":1,"59":0,"60":0,"61":0,"62":0,"63":0,"64":0,"65":0,"66":1,"67":0,"68":0,"69":0,"70":0,"71":0,"72":0,"73":0,"74":1},"f":{"0":0,"1":0,"2":0,"3":0,"4":0,"5":0,"6":0,"7":0},"b":{"0":[0,0],"1":[0,0],"2":[0,0],"3":[0,0],"4":[0,0],"5":[0,0],"6":[0,0],"7":[0,0],"8":[0,0]},"_coverageSchema":"1a1c01bbd47fc00a2c39e90264f33305004495a9","hash":"a9c868b682ee342dcbdc97ec6965fb067fe9de04"}
,"C:\\Users\\maazk\\OneDrive\\Desktop\\SQE\\SQE Project\\Web_Project\\Web_Project\\Web_Project_Backend\\modules\\movies\\Movie.js": {"path":"C:\\Users\\maazk\\OneDrive\\Desktop\\SQE\\SQE Project\\Web_Project\\Web_Project\\Web_Project_Backend\\modules\\movies\\Movie.js","statementMap":{"0":{"start":{"line":1,"column":17},"end":{"line":1,"column":36}},"1":{"start":{"line":3,"column":20},"end":{"line":24,"column":2}},"2":{"start":{"line":26,"column":14},"end":{"line":26,"column":50}},"3":{"start":{"line":27,"column":0},"end":{"line":27,"column":23}}},"fnMap":{},"branchMap":{},"s":{"0":1,"1":1,"2":1,"3":1},"f":{},"b":{},"_coverageSchema":"1a1c01bbd47fc00a2c39e90264f33305004495a9","hash":"65c745fb8ef278a95db671874d63e2bcf888b5eb"}
,"C:\\Users\\maazk\\OneDrive\\Desktop\\SQE\\SQE Project\\Web_Project\\Web_Project\\Web_Project_Backend\\modules\\movies\\MoviesController.js": {"path":"C:\\Users\\maazk\\OneDrive\\Desktop\\SQE\\SQE Project\\Web_Project\\Web_Project\\Web_Project_Backend\\modules\\movies\\MoviesController.js","statementMap":{"0":{"start":{"line":1,"column":15},"end":{"line":1,"column":43}},"1":{"start":{"line":2,"column":15},"end":{"line":2,"column":44}},"2":{"start":{"line":3,"column":11},"end":{"line":3,"column":24}},"3":{"start":{"line":4,"column":13},"end":{"line":4,"column":28}},"4":{"start":{"line":5,"column":15},"end":{"line":5,"column":32}},"5":{"start":{"line":6,"column":14},"end":{"line":6,"column":32}},"6":{"start":{"line":7,"column":30},"end":{"line":7,"column":75}},"7":{"start":{"line":8,"column":17},"end":{"line":8,"column":62}},"8":{"start":{"line":9,"column":18},"end":{"line":9,"column":36}},"9":{"start":{"line":10,"column":19},"end":{"line":10,"column":43}},"10":{"start":{"line":12,"column":21},"end":{"line":15,"column":2}},"11":{"start":{"line":13,"column":36},"end":{"line":13,"column":56}},"12":{"start":{"line":14,"column":33},"end":{"line":14,"column":92}},"13":{"start":{"line":17,"column":26},"end":{"line":17,"column":48}},"14":{"start":{"line":19,"column":30},"end":{"line":19,"column":78}},"15":{"start":{"line":20,"column":35},"end":{"line":20,"column":88}},"16":{"start":{"line":22,"column":0},"end":{"line":26,"column":3}},"17":{"start":{"line":28,"column":26},"end":{"line":47,"column":1}},"18":{"start":{"line":29,"column":4},"end":{"line":46,"column":7}},"19":{"start":{"line":30,"column":29},"end":{"line":43,"column":9}},"20":{"start":{"line":38,"column":16},"end":{"line":40,"column":17}},"21":{"start":{"line":39,"column":20},"end":{"line":39,"column":41}},"22":{"start":{"line":41,"column":16},"end":{"line":41,"column":43}},"23":{"start":{"line":45,"column":8},"end":{"line":45,"column":33}},"24":{"start":{"line":50,"column":30},"end":{"line":95,"column":1}},"25":{"start":{"line":51,"column":4},"end":{"line":94,"column":5}},"26":{"start":{"line":53,"column":8},"end":{"line":58,"column":11}},"27":{"start":{"line":54,"column":12},"end":{"line":57,"column":13}},"28":{"start":{"line":55,"column":16},"end":{"line":55,"column":60}},"29":{"start":{"line":56,"column":16},"end":{"line":56,"column":94}},"30":{"start":{"line":61,"column":8},"end":{"line":63,"column":9}},"31":{"start":{"line":62,"column":12},"end":{"line":62,"column":81}},"32":{"start":{"line":65,"column":24},"end":{"line":65,"column":37}},"33":{"start":{"line":66,"column":22},"end":{"line":66,"column":51}},"34":{"start":{"line":69,"column":8},"end":{"line":71,"column":9}},"35":{"start":{"line":70,"column":12},"end":{"line":70,"column":73}},"36":{"start":{"line":74,"column":29},"end":{"line":74,"column":78}},"37":{"start":{"line":75,"column":8},"end":{"line":75,"column":45}},"38":{"start":{"line":77,"column":8},"end":{"line":77,"column":45}},"39":{"start":{"line":78,"column":8},"end":{"line":78,"column":35}},"40":{"start":{"line":79,"column":8},"end":{"line":79,"column":43}},"41":{"start":{"line":82,"column":29},"end":{"line":82,"column":47}},"42":{"start":{"line":84,"column":8},"end":{"line":84,"column":56}},"43":{"start":{"line":87,"column":8},"end":{"line":90,"column":11}},"44":{"start":{"line":92,"column":8},"end":{"line":92,"column":69}},"45":{"start":{"line":93,"column":8},"end":{"line":93,"column":68}},"46":{"start":{"line":97,"column":20},"end":{"line":130,"column":1}},"47":{"start":{"line":98,"column":4},"end":{"line":129,"column":5}},"48":{"start":{"line":99,"column":8},"end":{"line":99,"column":24}},"49":{"start":{"line":100,"column":8},"end":{"line":102,"column":9}},"50":{"start":{"line":101,"column":12},"end":{"line":101,"column":85}},"51":{"start":{"line":104,"column":26},"end":{"line":110,"column":9}},"52":{"start":{"line":112,"column":25},"end":{"line":112,"column":45}},"53":{"start":{"line":113,"column":8},"end":{"line":113,"column":30}},"54":{"start":{"line":115,"column":22},"end":{"line":115,"column":39}},"55":{"start":{"line":117,"column":8},"end":{"line":117,"column":26}},"56":{"start":{"line":118,"column":8},"end":{"line":120,"column":10}},"57":{"start":{"line":119,"column":12},"end":{"line":119,"column":109}},"58":{"start":{"line":122,"column":8},"end":{"line":125,"column":11}},"59":{"start":{"line":127,"column":8},"end":{"line":127,"column":62}},"60":{"start":{"line":128,"column":8},"end":{"line":128,"column":75}},"61":{"start":{"line":133,"column":20},"end":{"line":174,"column":1}},"62":{"start":{"line":134,"column":4},"end":{"line":173,"column":5}},"63":{"start":{"line":135,"column":22},"end":{"line":135,"column":57}},"64":{"start":{"line":136,"column":8},"end":{"line":136,"column":67}},"65":{"start":{"line":136,"column":20},"end":{"line":136,"column":67}},"66":{"start":{"line":138,"column":25},"end":{"line":138,"column":67}},"67":{"start":{"line":139,"column":8},"end":{"line":141,"column":9}},"68":{"start":{"line":140,"column":12},"end":{"line":140,"column":58}},"69":{"start":{"line":143,"column":21},"end":{"line":143,"column":42}},"70":{"start":{"line":144,"column":25},"end":{"line":144,"column":34}},"71":{"start":{"line":145,"column":22},"end":{"line":145,"column":39}},"72":{"start":{"line":147,"column":8},"end":{"line":170,"column":9}},"73":{"start":{"line":148,"column":26},"end":{"line":148,"column":64}},"74":{"start":{"line":149,"column":26},"end":{"line":149,"column":48}},"75":{"start":{"line":150,"column":24},"end":{"line":150,"column":72}},"76":{"start":{"line":152,"column":30},"end":{"line":152,"column":45}},"77":{"start":{"line":153,"column":25},"end":{"line":153,"column":70}},"78":{"start":{"line":155,"column":12},"end":{"line":160,"column":15}},"79":{"start":{"line":162,"column":12},"end":{"line":162,"column":27}},"80":{"start":{"line":164,"column":12},"end":{"line":167,"column":15}},"81":{"start":{"line":169,"column":12},"end":{"line":169,"column":52}},"82":{"start":{"line":172,"column":8},"end":{"line":172,"column":67}},"83":{"start":{"line":177,"column":24},"end":{"line":196,"column":1}},"84":{"start":{"line":178,"column":13},"end":{"line":178,"column":26}},"85":{"start":{"line":179,"column":4},"end":{"line":195,"column":5}},"86":{"start":{"line":180,"column":8},"end":{"line":180,"column":24}},"87":{"start":{"line":181,"column":23},"end":{"line":184,"column":29}},"88":{"start":{"line":186,"column":8},"end":{"line":186,"column":27}},"89":{"start":{"line":189,"column":8},"end":{"line":192,"column":11}},"90":{"start":{"line":194,"column":8},"end":{"line":194,"column":57}},"91":{"start":{"line":198,"column":24},"end":{"line":215,"column":1}},"92":{"start":{"line":200,"column":4},"end":{"line":214,"column":5}},"93":{"start":{"line":201,"column":23},"end":{"line":203,"column":18}},"94":{"start":{"line":205,"column":8},"end":{"line":205,"column":27}},"95":{"start":{"line":208,"column":8},"end":{"line":211,"column":11}},"96":{"start":{"line":213,"column":8},"end":{"line":213,"column":57}},"97":{"start":{"line":217,"column":18},"end":{"line":234,"column":1}},"98":{"start":{"line":219,"column":4},"end":{"line":233,"column":5}},"99":{"start":{"line":220,"column":23},"end":{"line":222,"column":18}},"100":{"start":{"line":224,"column":8},"end":{"line":224,"column":27}},"101":{"start":{"line":227,"column":8},"end":{"line":230,"column":11}},"102":{"start":{"line":232,"column":8},"end":{"line":232,"column":57}},"103":{"start":{"line":236,"column":26},"end":{"line":252,"column":1}},"104":{"start":{"line":237,"column":3},"end":{"line":237,"column":22}},"105":{"start":{"line":238,"column":4},"end":{"line":251,"column":5}},"106":{"start":{"line":239,"column":23},"end":{"line":239,"column":68}},"107":{"start":{"line":242,"column":8},"end":{"line":242,"column":27}},"108":{"start":{"line":245,"column":8},"end":{"line":248,"column":11}},"109":{"start":{"line":250,"column":8},"end":{"line":250,"column":57}},"110":{"start":{"line":254,"column":26},"end":{"line":370,"column":1}},"111":{"start":{"line":255,"column":4},"end":{"line":369,"column":5}},"112":{"start":{"line":270,"column":12},"end":{"line":270,"column":20}},"113":{"start":{"line":272,"column":25},"end":{"line":272,"column":34}},"114":{"start":{"line":275,"column":31},"end":{"line":277,"column":9}},"115":{"start":{"line":276,"column":12},"end":{"line":276,"column":72}},"116":{"start":{"line":276,"column":36},"end":{"line":276,"column":70}},"117":{"start":{"line":280,"column":8},"end":{"line":283,"column":9}},"118":{"start":{"line":281,"column":27},"end":{"line":281,"column":77}},"119":{"start":{"line":282,"column":12},"end":{"line":282,"column":35}},"120":{"start":{"line":285,"column":8},"end":{"line":288,"column":9}},"121":{"start":{"line":286,"column":27},"end":{"line":286,"column":86}},"122":{"start":{"line":287,"column":12},"end":{"line":287,"column":35}},"123":{"start":{"line":290,"column":8},"end":{"line":293,"column":9}},"124":{"start":{"line":291,"column":27},"end":{"line":291,"column":73}},"125":{"start":{"line":292,"column":12},"end":{"line":292,"column":35}},"126":{"start":{"line":295,"column":8},"end":{"line":298,"column":9}},"127":{"start":{"line":296,"column":27},"end":{"line":296,"column":84}},"128":{"start":{"line":297,"column":12},"end":{"line":297,"column":35}},"129":{"start":{"line":301,"column":8},"end":{"line":304,"column":9}},"130":{"start":{"line":302,"column":27},"end":{"line":302,"column":98}},"131":{"start":{"line":303,"column":12},"end":{"line":303,"column":35}},"132":{"start":{"line":305,"column":8},"end":{"line":308,"column":9}},"133":{"start":{"line":306,"column":27},"end":{"line":306,"column":98}},"134":{"start":{"line":307,"column":12},"end":{"line":307,"column":35}},"135":{"start":{"line":311,"column":8},"end":{"line":314,"column":9}},"136":{"start":{"line":312,"column":27},"end":{"line":312,"column":119}},"137":{"start":{"line":313,"column":12},"end":{"line":313,"column":35}},"138":{"start":{"line":318,"column":8},"end":{"line":326,"column":9}},"139":{"start":{"line":319,"column":27},"end":{"line":324,"column":14}},"140":{"start":{"line":325,"column":12},"end":{"line":325,"column":35}},"141":{"start":{"line":329,"column":8},"end":{"line":340,"column":9}},"142":{"start":{"line":330,"column":30},"end":{"line":330,"column":57}},"143":{"start":{"line":331,"column":28},"end":{"line":331,"column":41}},"144":{"start":{"line":333,"column":27},"end":{"line":338,"column":14}},"145":{"start":{"line":339,"column":12},"end":{"line":339,"column":35}},"146":{"start":{"line":343,"column":8},"end":{"line":346,"column":9}},"147":{"start":{"line":344,"column":27},"end":{"line":344,"column":80}},"148":{"start":{"line":345,"column":12},"end":{"line":345,"column":35}},"149":{"start":{"line":349,"column":8},"end":{"line":352,"column":9}},"150":{"start":{"line":350,"column":27},"end":{"line":350,"column":83}},"151":{"start":{"line":351,"column":12},"end":{"line":351,"column":35}},"152":{"start":{"line":355,"column":8},"end":{"line":358,"column":9}},"153":{"start":{"line":356,"column":27},"end":{"line":356,"column":92}},"154":{"start":{"line":357,"column":12},"end":{"line":357,"column":35}},"155":{"start":{"line":360,"column":25},"end":{"line":360,"column":45}},"156":{"start":{"line":361,"column":29},"end":{"line":364,"column":29}},"157":{"start":{"line":366,"column":8},"end":{"line":366,"column":43}},"158":{"start":{"line":368,"column":8},"end":{"line":368,"column":69}},"159":{"start":{"line":372,"column":28},"end":{"line":387,"column":1}},"160":{"start":{"line":375,"column":22},"end":{"line":375,"column":30}},"161":{"start":{"line":377,"column":4},"end":{"line":379,"column":5}},"162":{"start":{"line":378,"column":8},"end":{"line":378,"column":85}},"163":{"start":{"line":380,"column":19},"end":{"line":384,"column":25}},"164":{"start":{"line":386,"column":4},"end":{"line":386,"column":33}},"165":{"start":{"line":389,"column":31},"end":{"line":411,"column":1}},"166":{"start":{"line":390,"column":4},"end":{"line":410,"column":5}},"167":{"start":{"line":394,"column":23},"end":{"line":404,"column":29}},"168":{"start":{"line":407,"column":8},"end":{"line":407,"column":37}},"169":{"start":{"line":409,"column":8},"end":{"line":409,"column":57}},"170":{"start":{"line":412,"column":29},"end":{"line":424,"column":1}},"171":{"start":{"line":413,"column":4},"end":{"line":423,"column":5}},"172":{"start":{"line":417,"column":30},"end":{"line":418,"column":37}},"173":{"start":{"line":420,"column":8},"end":{"line":420,"column":44}},"174":{"start":{"line":422,"column":8},"end":{"line":422,"column":57}},"175":{"start":{"line":426,"column":21},"end":{"line":456,"column":1}},"176":{"start":{"line":427,"column":4},"end":{"line":455,"column":5}},"177":{"start":{"line":428,"column":22},"end":{"line":428,"column":57}},"178":{"start":{"line":429,"column":8},"end":{"line":429,"column":26}},"179":{"start":{"line":430,"column":8},"end":{"line":432,"column":9}},"180":{"start":{"line":431,"column":12},"end":{"line":431,"column":72}},"181":{"start":{"line":433,"column":8},"end":{"line":433,"column":23}},"182":{"start":{"line":435,"column":23},"end":{"line":435,"column":65}},"183":{"start":{"line":439,"column":25},"end":{"line":439,"column":69}},"184":{"start":{"line":441,"column":8},"end":{"line":441,"column":58}},"185":{"start":{"line":443,"column":8},"end":{"line":445,"column":9}},"186":{"start":{"line":444,"column":12},"end":{"line":444,"column":77}},"187":{"start":{"line":447,"column":25},"end":{"line":447,"column":54}},"188":{"start":{"line":448,"column":8},"end":{"line":448,"column":86}},"189":{"start":{"line":449,"column":8},"end":{"line":449,"column":51}},"190":{"start":{"line":451,"column":27},"end":{"line":451,"column":52}},"191":{"start":{"line":452,"column":8},"end":{"line":452,"column":28}},"192":{"start":{"line":454,"column":8},"end":{"line":454,"column":57}},"193":{"start":{"line":459,"column":20},"end":{"line":476,"column":1}},"194":{"start":{"line":460,"column":4},"end":{"line":475,"column":5}},"195":{"start":{"line":463,"column":22},"end":{"line":463,"column":57}},"196":{"start":{"line":464,"column":8},"end":{"line":466,"column":9}},"197":{"start":{"line":465,"column":12},"end":{"line":465,"column":72}},"198":{"start":{"line":469,"column":8},"end":{"line":469,"column":39}},"199":{"start":{"line":471,"column":29},"end":{"line":471,"column":47}},"200":{"start":{"line":472,"column":8},"end":{"line":472,"column":43}},"201":{"start":{"line":474,"column":8},"end":{"line":474,"column":57}},"202":{"start":{"line":477,"column":35},"end":{"line":484,"column":1}},"203":{"start":{"line":479,"column":21},"end":{"line":479,"column":34}},"204":{"start":{"line":481,"column":26},"end":{"line":481,"column":88}},"205":{"start":{"line":483,"column":4},"end":{"line":483,"column":40}},"206":{"start":{"line":486,"column":38},"end":{"line":493,"column":1}},"207":{"start":{"line":488,"column":21},"end":{"line":488,"column":34}},"208":{"start":{"line":490,"column":26},"end":{"line":490,"column":89}},"209":{"start":{"line":492,"column":4},"end":{"line":492,"column":40}},"210":{"start":{"line":496,"column":20},"end":{"line":516,"column":1}},"211":{"start":{"line":497,"column":4},"end":{"line":515,"column":5}},"212":{"start":{"line":498,"column":22},"end":{"line":498,"column":66}},"213":{"start":{"line":499,"column":8},"end":{"line":501,"column":9}},"214":{"start":{"line":500,"column":12},"end":{"line":500,"column":72}},"215":{"start":{"line":504,"column":25},"end":{"line":504,"column":67}},"216":{"start":{"line":505,"column":8},"end":{"line":507,"column":9}},"217":{"start":{"line":506,"column":12},"end":{"line":506,"column":36}},"218":{"start":{"line":510,"column":8},"end":{"line":510,"column":41}},"219":{"start":{"line":512,"column":8},"end":{"line":512,"column":72}},"220":{"start":{"line":514,"column":8},"end":{"line":514,"column":57}},"221":{"start":{"line":519,"column":28},"end":{"line":536,"column":1}},"222":{"start":{"line":520,"column":4},"end":{"line":522,"column":7}},"223":{"start":{"line":524,"column":4},"end":{"line":526,"column":7}},"224":{"start":{"line":528,"column":25},"end":{"line":528,"column":64}},"225":{"start":{"line":530,"column":4},"end":{"line":532,"column":5}},"226":{"start":{"line":531,"column":8},"end":{"line":531,"column":48}},"227":{"start":{"line":538,"column":26},"end":{"line":551,"column":1}},"228":{"start":{"line":539,"column":4},"end":{"line":550,"column":5}},"229":{"start":{"line":540,"column":28},"end":{"line":545,"column":10}},"230":{"start":{"line":547,"column":8},"end":{"line":547,"column":42}},"231":{"start":{"line":549,"column":8},"end":{"line":549,"column":57}},"232":{"start":{"line":553,"column":23},"end":{"line":556,"column":1}},"233":{"start":{"line":554,"column":19},"end":{"line":554,"column":94}},"234":{"start":{"line":555,"column":4},"end":{"line":555,"column":33}},"235":{"start":{"line":558,"column":24},"end":{"line":561,"column":1}},"236":{"start":{"line":559,"column":19},"end":{"line":559,"column":83}},"237":{"start":{"line":560,"column":4},"end":{"line":560,"column":33}},"238":{"start":{"line":563,"column":24},"end":{"line":566,"column":1}},"239":{"start":{"line":564,"column":19},"end":{"line":564,"column":83}},"240":{"start":{"line":565,"column":4},"end":{"line":565,"column":33}},"241":{"start":{"line":569,"column":0},"end":{"line":593,"column":2}}},"fnMap":{"0":{"name":"(anonymous_0)","decl":{"start":{"line":13,"column":17},"end":{"line":13,"column":18}},"loc":{"start":{"line":13,"column":36},"end":{"line":13,"column":56}},"line":13},"1":{"name":"(anonymous_1)","decl":{"start":{"line":14,"column":14},"end":{"line":14,"column":15}},"loc":{"start":{"line":14,"column":33},"end":{"line":14,"column":92}},"line":14},"2":{"name":"(anonymous_2)","decl":{"start":{"line":28,"column":26},"end":{"line":28,"column":27}},"loc":{"start":{"line":28,"column":53},"end":{"line":47,"column":1}},"line":28},"3":{"name":"(anonymous_3)","decl":{"start":{"line":29,"column":23},"end":{"line":29,"column":24}},"loc":{"start":{"line":29,"column":44},"end":{"line":46,"column":5}},"line":29},"4":{"name":"(anonymous_4)","decl":{"start":{"line":37,"column":12},"end":{"line":37,"column":13}},"loc":{"start":{"line":37,"column":31},"end":{"line":42,"column":13}},"line":37},"5":{"name":"(anonymous_5)","decl":{"start":{"line":50,"column":30},"end":{"line":50,"column":31}},"loc":{"start":{"line":50,"column":50},"end":{"line":95,"column":1}},"line":50},"6":{"name":"(anonymous_6)","decl":{"start":{"line":53,"column":51},"end":{"line":53,"column":52}},"loc":{"start":{"line":53,"column":60},"end":{"line":58,"column":9}},"line":53},"7":{"name":"(anonymous_7)","decl":{"start":{"line":97,"column":20},"end":{"line":97,"column":21}},"loc":{"start":{"line":97,"column":40},"end":{"line":130,"column":1}},"line":97},"8":{"name":"(anonymous_8)","decl":{"start":{"line":118,"column":18},"end":{"line":118,"column":19}},"loc":{"start":{"line":118,"column":28},"end":{"line":120,"column":9}},"line":118},"9":{"name":"(anonymous_9)","decl":{"start":{"line":133,"column":20},"end":{"line":133,"column":21}},"loc":{"start":{"line":133,"column":40},"end":{"line":174,"column":1}},"line":133},"10":{"name":"(anonymous_10)","decl":{"start":{"line":177,"column":24},"end":{"line":177,"column":25}},"loc":{"start":{"line":177,"column":44},"end":{"line":196,"column":1}},"line":177},"11":{"name":"(anonymous_11)","decl":{"start":{"line":198,"column":24},"end":{"line":198,"column":25}},"loc":{"start":{"line":198,"column":44},"end":{"line":215,"column":1}},"line":198},"12":{"name":"(anonymous_12)","decl":{"start":{"line":217,"column":18},"end":{"line":217,"column":19}},"loc":{"start":{"line":217,"column":38},"end":{"line":234,"column":1}},"line":217},"13":{"name":"(anonymous_13)","decl":{"start":{"line":236,"column":26},"end":{"line":236,"column":27}},"loc":{"start":{"line":236,"column":46},"end":{"line":252,"column":1}},"line":236},"14":{"name":"(anonymous_14)","decl":{"start":{"line":254,"column":26},"end":{"line":254,"column":27}},"loc":{"start":{"line":254,"column":46},"end":{"line":370,"column":1}},"line":254},"15":{"name":"(anonymous_15)","decl":{"start":{"line":275,"column":31},"end":{"line":275,"column":32}},"loc":{"start":{"line":275,"column":43},"end":{"line":277,"column":9}},"line":275},"16":{"name":"(anonymous_16)","decl":{"start":{"line":276,"column":27},"end":{"line":276,"column":28}},"loc":{"start":{"line":276,"column":36},"end":{"line":276,"column":70}},"line":276},"17":{"name":"(anonymous_17)","decl":{"start":{"line":372,"column":28},"end":{"line":372,"column":29}},"loc":{"start":{"line":372,"column":48},"end":{"line":387,"column":1}},"line":372},"18":{"name":"(anonymous_18)","decl":{"start":{"line":389,"column":31},"end":{"line":389,"column":32}},"loc":{"start":{"line":389,"column":51},"end":{"line":411,"column":1}},"line":389},"19":{"name":"(anonymous_19)","decl":{"start":{"line":412,"column":29},"end":{"line":412,"column":30}},"loc":{"start":{"line":412,"column":49},"end":{"line":424,"column":1}},"line":412},"20":{"name":"(anonymous_20)","decl":{"start":{"line":426,"column":21},"end":{"line":426,"column":22}},"loc":{"start":{"line":426,"column":41},"end":{"line":456,"column":1}},"line":426},"21":{"name":"(anonymous_21)","decl":{"start":{"line":459,"column":20},"end":{"line":459,"column":21}},"loc":{"start":{"line":459,"column":40},"end":{"line":476,"column":1}},"line":459},"22":{"name":"(anonymous_22)","decl":{"start":{"line":477,"column":35},"end":{"line":477,"column":36}},"loc":{"start":{"line":477,"column":55},"end":{"line":484,"column":1}},"line":477},"23":{"name":"(anonymous_23)","decl":{"start":{"line":486,"column":38},"end":{"line":486,"column":39}},"loc":{"start":{"line":486,"column":58},"end":{"line":493,"column":1}},"line":486},"24":{"name":"(anonymous_24)","decl":{"start":{"line":496,"column":20},"end":{"line":496,"column":21}},"loc":{"start":{"line":496,"column":40},"end":{"line":516,"column":1}},"line":496},"25":{"name":"(anonymous_25)","decl":{"start":{"line":519,"column":28},"end":{"line":519,"column":29}},"loc":{"start":{"line":519,"column":45},"end":{"line":536,"column":1}},"line":519},"26":{"name":"(anonymous_26)","decl":{"start":{"line":538,"column":26},"end":{"line":538,"column":27}},"loc":{"start":{"line":538,"column":46},"end":{"line":551,"column":1}},"line":538},"27":{"name":"(anonymous_27)","decl":{"start":{"line":553,"column":23},"end":{"line":553,"column":24}},"loc":{"start":{"line":553,"column":43},"end":{"line":556,"column":1}},"line":553},"28":{"name":"(anonymous_28)","decl":{"start":{"line":558,"column":24},"end":{"line":558,"column":25}},"loc":{"start":{"line":558,"column":44},"end":{"line":561,"column":1}},"line":558},"29":{"name":"(anonymous_29)","decl":{"start":{"line":563,"column":24},"end":{"line":563,"column":25}},"loc":{"start":{"line":563,"column":44},"end":{"line":566,"column":1}},"line":563}},"branchMap":{"0":{"loc":{"start":{"line":38,"column":16},"end":{"line":40,"column":17}},"type":"if","locations":[{"start":{"line":38,"column":16},"end":{"line":40,"column":17}},{"start":{},"end":{}}],"line":38},"1":{"loc":{"start":{"line":54,"column":12},"end":{"line":57,"column":13}},"type":"if","locations":[{"start":{"line":54,"column":12},"end":{"line":57,"column":13}},{"start":{},"end":{}}],"line":54},"2":{"loc":{"start":{"line":61,"column":8},"end":{"line":63,"column":9}},"type":"if","locations":[{"start":{"line":61,"column":8},"end":{"line":63,"column":9}},{"start":{},"end":{}}],"line":61},"3":{"loc":{"start":{"line":69,"column":8},"end":{"line":71,"column":9}},"type":"if","locations":[{"start":{"line":69,"column":8},"end":{"line":71,"column":9}},{"start":{},"end":{}}],"line":69},"4":{"loc":{"start":{"line":100,"column":8},"end":{"line":102,"column":9}},"type":"if","locations":[{"start":{"line":100,"column":8},"end":{"line":102,"column":9}},{"start":{},"end":{}}],"line":100},"5":{"loc":{"start":{"line":136,"column":8},"end":{"line":136,"column":67}},"type":"if","locations":[{"start":{"line":136,"column":8},"end":{"line":136,"column":67}},{"start":{},"end":{}}],"line":136},"6":{"loc":{"start":{"line":139,"column":8},"end":{"line":141,"column":9}},"type":"if","locations":[{"start":{"line":139,"column":8},"end":{"line":141,"column":9}},{"start":{},"end":{}}],"line":139},"7":{"loc":{"start":{"line":147,"column":8},"end":{"line":170,"column":9}},"type":"if","locations":[{"start":{"line":147,"column":8},"end":{"line":170,"column":9}},{"start":{"line":163,"column":15},"end":{"line":170,"column":9}}],"line":147},"8":{"loc":{"start":{"line":150,"column":24},"end":{"line":150,"column":72}},"type":"cond-expr","locations":[{"start":{"line":150,"column":35},"end":{"line":150,"column":57}},{"start":{"line":150,"column":60},"end":{"line":150,"column":72}}],"line":150},"9":{"loc":{"start":{"line":280,"column":8},"end":{"line":283,"column":9}},"type":"if","locations":[{"start":{"line":280,"column":8},"end":{"line":283,"column":9}},{"start":{},"end":{}}],"line":280},"10":{"loc":{"start":{"line":285,"column":8},"end":{"line":288,"column":9}},"type":"if","locations":[{"start":{"line":285,"column":8},"end":{"line":288,"column":9}},{"start":{},"end":{}}],"line":285},"11":{"loc":{"start":{"line":290,"column":8},"end":{"line":293,"column":9}},"type":"if","locations":[{"start":{"line":290,"column":8},"end":{"line":293,"column":9}},{"start":{},"end":{}}],"line":290},"12":{"loc":{"start":{"line":295,"column":8},"end":{"line":298,"column":9}},"type":"if","locations":[{"start":{"line":295,"column":8},"end":{"line":298,"column":9}},{"start":{},"end":{}}],"line":295},"13":{"loc":{"start":{"line":301,"column":8},"end":{"line":304,"column":9}},"type":"if","locations":[{"start":{"line":301,"column":8},"end":{"line":304,"column":9}},{"start":{},"end":{}}],"line":301},"14":{"loc":{"start":{"line":305,"column":8},"end":{"line":308,"column":9}},"type":"if","locations":[{"start":{"line":305,"column":8},"end":{"line":308,"column":9}},{"start":{},"end":{}}],"line":305},"15":{"loc":{"start":{"line":311,"column":8},"end":{"line":314,"column":9}},"type":"if","locations":[{"start":{"line":311,"column":8},"end":{"line":314,"column":9}},{"start":{},"end":{}}],"line":311},"16":{"loc":{"start":{"line":311,"column":12},"end":{"line":311,"column":42}},"type":"binary-expr","locations":[{"start":{"line":311,"column":12},"end":{"line":311,"column":25}},{"start":{"line":311,"column":29},"end":{"line":311,"column":42}}],"line":311},"17":{"loc":{"start":{"line":318,"column":8},"end":{"line":326,"column":9}},"type":"if","locations":[{"start":{"line":318,"column":8},"end":{"line":326,"column":9}},{"start":{},"end":{}}],"line":318},"18":{"loc":{"start":{"line":329,"column":8},"end":{"line":340,"column":9}},"type":"if","locations":[{"start":{"line":329,"column":8},"end":{"line":340,"column":9}},{"start":{},"end":{}}],"line":329},"19":{"loc":{"start":{"line":343,"column":8},"end":{"line":346,"column":9}},"type":"if","locations":[{"start":{"line":343,"column":8},"end":{"line":346,"column":9}},{"start":{},"end":{}}],"line":343},"20":{"loc":{"start":{"line":349,"column":8},"end":{"line":352,"column":9}},"type":"if","locations":[{"start":{"line":349,"column":8},"end":{"line":352,"column":9}},{"start":{},"end":{}}],"line":349},"21":{"loc":{"start":{"line":355,"column":8},"end":{"line":358,"column":9}},"type":"if","locations":[{"start":{"line":355,"column":8},"end":{"line":358,"column":9}},{"start":{},"end":{}}],"line":355},"22":{"loc":{"start":{"line":377,"column":4},"end":{"line":379,"column":5}},"type":"if","locations":[{"start":{"line":377,"column":4},"end":{"line":379,"column":5}},{"start":{},"end":{}}],"line":377},"23":{"loc":{"start":{"line":430,"column":8},"end":{"line":432,"column":9}},"type":"if","locations":[{"start":{"line":430,"column":8},"end":{"line":432,"column":9}},{"start":{},"end":{}}],"line":430},"24":{"loc":{"start":{"line":443,"column":8},"end":{"line":445,"column":9}},"type":"if","locations":[{"start":{"line":443,"column":8},"end":{"line":445,"column":9}},{"start":{},"end":{}}],"line":443},"25":{"loc":{"start":{"line":464,"column":8},"end":{"line":466,"column":9}},"type":"if","locations":[{"start":{"line":464,"column":8},"end":{"line":466,"column":9}},{"start":{},"end":{}}],"line":464},"26":{"loc":{"start":{"line":499,"column":8},"end":{"line":501,"column":9}},"type":"if","locations":[{"start":{"line":499,"column":8},"end":{"line":501,"column":9}},{"start":{},"end":{}}],"line":499},"27":{"loc":{"start":{"line":505,"column":8},"end":{"line":507,"column":9}},"type":"if","locations":[{"start":{"line":505,"column":8},"end":{"line":507,"column":9}},{"start":{},"end":{}}],"line":505}},"s":{"0":1,"1":1,"2":1,"3":1,"4":1,"5":1,"6":1,"7":1,"8":1,"9":1,"10":1,"11":0,"12":0,"13":1,"14":1,"15":1,"16":1,"17":1,"18":0,"19":0,"20":0,"21":0,"22":0,"23":0,"24":1,"25":0,"26":0,"27":0,"28":0,"29":0,"30":0,"31":0,"32":0,"33":0,"34":0,"35":0,"36":0,"37":0,"38":0,"39":0,"40":0,"41":0,"42":0,"43":0,"44":0,"45":0,"46":1,"47":0,"48":0,"49":0,"50":0,"51":0,"52":0,"53":0,"54":0,"55":0,"56":0,"57":0,"58":0,"59":0,"60":0,"61":1,"62":0,"63":0,"64":0,"65":0,"66":0,"67":0,"68":0,"69":0,"70":0,"71":0,"72":0,"73":0,"74":0,"75":0,"76":0,"77":0,"78":0,"79":0,"80":0,"81":0,"82":0,"83":1,"84":0,"85":0,"86":0,"87":0,"88":0,"89":0,"90":0,"91":1,"92":0,"93":0,"94":0,"95":0,"96":0,"97":1,"98":0,"99":0,"100":0,"101":0,"102":0,"103":1,"104":0,"105":0,"106":0,"107":0,"108":0,"109":0,"110":1,"111":0,"112":0,"113":0,"114":0,"115":0,"116":0,"117":0,"118":0,"119":0,"120":0,"121":0,"122":0,"123":0,"124":0,"125":0,"126":0,"127":0,"128":0,"129":0,"130":0,"131":0,"132":0,"133":0,"134":0,"135":0,"136":0,"137":0,"138":0,"139":0,"140":0,"141":0,"142":0,"143":0,"144":0,"145":0,"146":0,"147":0,"148":0,"149":0,"150":0,"151":0,"152":0,"153":0,"154":0,"155":0,"156":0,"157":0,"158":0,"159":1,"160":0,"161":0,"162":0,"163":0,"164":0,"165":1,"166":0,"167":0,"168":0,"169":0,"170":1,"171":0,"172":0,"173":0,"174":0,"175":1,"176":0,"177":0,"178":0,"179":0,"180":0,"181":0,"182":0,"183":0,"184":0,"185":0,"186":0,"187":0,"188":0,"189":0,"190":0,"191":0,"192":0,"193":1,"194":0,"195":0,"196":0,"197":0,"198":0,"199":0,"200":0,"201":0,"202":1,"203":0,"204":0,"205":0,"206":1,"207":0,"208":0,"209":0,"210":1,"211":0,"212":0,"213":0,"214":0,"215":0,"216":0,"217":0,"218":0,"219":0,"220":0,"221":1,"222":0,"223":0,"224":0,"225":0,"226":0,"227":1,"228":0,"229":0,"230":0,"231":0,"232":1,"233":0,"234":0,"235":1,"236":0,"237":0,"238":1,"239":0,"240":0,"241":1},"f":{"0":0,"1":0,"2":0,"3":0,"4":0,"5":0,"6":0,"7":0,"8":0,"9":0,"10":0,"11":0,"12":0,"13":0,"14":0,"15":0,"16":0,"17":0,"18":0,"19":0,"20":0,"21":0,"22":0,"23":0,"24":0,"25":0,"26":0,"27":0,"28":0,"29":0},"b":{"0":[0,0],"1":[0,0],"2":[0,0],"3":[0,0],"4":[0,0],"5":[0,0],"6":[0,0],"7":[0,0],"8":[0,0],"9":[0,0],"10":[0,0],"11":[0,0],"12":[0,0],"13":[0,0],"14":[0,0],"15":[0,0],"16":[0,0],"17":[0,0],"18":[0,0],"19":[0,0],"20":[0,0],"21":[0,0],"22":[0,0],"23":[0,0],"24":[0,0],"25":[0,0],"26":[0,0],"27":[0,0]},"_coverageSchema":"1a1c01bbd47fc00a2c39e90264f33305004495a9","hash":"1581f849e96f9f0851b2e93197277b19b23bd7e7"}
,"C:\\Users\\maazk\\OneDrive\\Desktop\\SQE\\SQE Project\\Web_Project\\Web_Project\\Web_Project_Backend\\modules\\notification\\EmailNotifications.js": {"path":"C:\\Users\\maazk\\OneDrive\\Desktop\\SQE\\SQE Project\\Web_Project\\Web_Project\\Web_Project_Backend\\modules\\notification\\EmailNotifications.js","statementMap":{"0":{"start":{"line":1,"column":19},"end":{"line":1,"column":40}},"1":{"start":{"line":3,"column":17},"end":{"line":24,"column":3}},"2":{"start":{"line":4,"column":22},"end":{"line":4,"column":58}},"3":{"start":{"line":7,"column":22},"end":{"line":14,"column":6}},"4":{"start":{"line":16,"column":15},"end":{"line":21,"column":6}},"5":{"start":{"line":22,"column":4},"end":{"line":22,"column":29}},"6":{"start":{"line":23,"column":4},"end":{"line":23,"column":42}},"7":{"start":{"line":26,"column":2},"end":{"line":26,"column":28}}},"fnMap":{"0":{"name":"(anonymous_0)","decl":{"start":{"line":3,"column":17},"end":{"line":3,"column":18}},"loc":{"start":{"line":3,"column":61},"end":{"line":24,"column":3}},"line":3}},"branchMap":{},"s":{"0":1,"1":1,"2":0,"3":0,"4":0,"5":0,"6":0,"7":1},"f":{"0":0},"b":{},"_coverageSchema":"1a1c01bbd47fc00a2c39e90264f33305004495a9","hash":"90bdbe149b2086e01d1f49791dabd0578de7d3db"}
,"C:\\Users\\maazk\\OneDrive\\Desktop\\SQE\\SQE Project\\Web_Project\\Web_Project\\Web_Project_Backend\\modules\\notification\\Notification.js": {"path":"C:\\Users\\maazk\\OneDrive\\Desktop\\SQE\\SQE Project\\Web_Project\\Web_Project\\Web_Project_Backend\\modules\\notification\\Notification.js","statementMap":{"0":{"start":{"line":1,"column":17},"end":{"line":1,"column":36}},"1":{"start":{"line":3,"column":27},"end":{"line":8,"column":24}},"2":{"start":{"line":10,"column":0},"end":{"line":10,"column":68}}},"fnMap":{},"branchMap":{},"s":{"0":1,"1":1,"2":1},"f":{},"b":{},"_coverageSchema":"1a1c01bbd47fc00a2c39e90264f33305004495a9","hash":"efa0e8b3ddefa9dffa8b520d84912ab97a214372"}
,"C:\\Users\\maazk\\OneDrive\\Desktop\\SQE\\SQE Project\\Web_Project\\Web_Project\\Web_Project_Backend\\modules\\notification\\NotificationController.js": {"path":"C:\\Users\\maazk\\OneDrive\\Desktop\\SQE\\SQE Project\\Web_Project\\Web_Project\\Web_Project_Backend\\modules\\notification\\NotificationController.js","statementMap":{"0":{"start":{"line":1,"column":21},"end":{"line":1,"column":46}},"1":{"start":{"line":2,"column":13},"end":{"line":2,"column":33}},"2":{"start":{"line":3,"column":14},"end":{"line":3,"column":59}},"3":{"start":{"line":6,"column":24},"end":{"line":15,"column":1}},"4":{"start":{"line":7,"column":4},"end":{"line":14,"column":5}},"5":{"start":{"line":8,"column":29},"end":{"line":8,"column":70}},"6":{"start":{"line":9,"column":8},"end":{"line":9,"column":34}},"7":{"start":{"line":10,"column":8},"end":{"line":10,"column":56}},"8":{"start":{"line":12,"column":8},"end":{"line":12,"column":67}},"9":{"start":{"line":13,"column":8},"end":{"line":13,"column":39}},"10":{"start":{"line":18,"column":27},"end":{"line":29,"column":1}},"11":{"start":{"line":19,"column":4},"end":{"line":28,"column":5}},"12":{"start":{"line":20,"column":23},"end":{"line":20,"column":33}},"13":{"start":{"line":21,"column":29},"end":{"line":21,"column":69}},"14":{"start":{"line":23,"column":8},"end":{"line":23,"column":94}},"15":{"start":{"line":23,"column":27},"end":{"line":23,"column":94}},"16":{"start":{"line":25,"column":8},"end":{"line":25,"column":79}},"17":{"start":{"line":27,"column":8},"end":{"line":27,"column":55}},"18":{"start":{"line":32,"column":24},"end":{"line":43,"column":1}},"19":{"start":{"line":33,"column":4},"end":{"line":42,"column":5}},"20":{"start":{"line":34,"column":43},"end":{"line":34,"column":53}},"21":{"start":{"line":35,"column":29},"end":{"line":35,"column":88}},"22":{"start":{"line":37,"column":8},"end":{"line":37,"column":94}},"23":{"start":{"line":37,"column":27},"end":{"line":37,"column":94}},"24":{"start":{"line":39,"column":8},"end":{"line":39,"column":43}},"25":{"start":{"line":41,"column":8},"end":{"line":41,"column":55}},"26":{"start":{"line":46,"column":28},"end":{"line":82,"column":1}},"27":{"start":{"line":47,"column":4},"end":{"line":81,"column":5}},"28":{"start":{"line":48,"column":27},"end":{"line":48,"column":37}},"29":{"start":{"line":51,"column":21},"end":{"line":51,"column":50}},"30":{"start":{"line":52,"column":22},"end":{"line":52,"column":53}},"31":{"start":{"line":53,"column":21},"end":{"line":53,"column":39}},"32":{"start":{"line":56,"column":35},"end":{"line":56,"column":80}},"33":{"start":{"line":59,"column":30},"end":{"line":61,"column":25}},"34":{"start":{"line":63,"column":8},"end":{"line":65,"column":9}},"35":{"start":{"line":64,"column":12},"end":{"line":64,"column":98}},"36":{"start":{"line":68,"column":8},"end":{"line":78,"column":11}},"37":{"start":{"line":80,"column":8},"end":{"line":80,"column":55}},"38":{"start":{"line":86,"column":38},"end":{"line":105,"column":1}},"39":{"start":{"line":87,"column":4},"end":{"line":104,"column":5}},"40":{"start":{"line":88,"column":40},"end":{"line":90,"column":10}},"41":{"start":{"line":92,"column":8},"end":{"line":101,"column":9}},"42":{"start":{"line":93,"column":26},"end":{"line":93,"column":43}},"43":{"start":{"line":94,"column":12},"end":{"line":100,"column":13}},"44":{"start":{"line":95,"column":16},"end":{"line":99,"column":17}},"45":{"start":{"line":96,"column":34},"end":{"line":96,"column":74}},"46":{"start":{"line":97,"column":33},"end":{"line":97,"column":116}},"47":{"start":{"line":98,"column":20},"end":{"line":98,"column":65}},"48":{"start":{"line":103,"column":8},"end":{"line":103,"column":83}},"49":{"start":{"line":108,"column":41},"end":{"line":120,"column":1}},"50":{"start":{"line":109,"column":4},"end":{"line":119,"column":5}},"51":{"start":{"line":110,"column":22},"end":{"line":110,"column":39}},"52":{"start":{"line":111,"column":22},"end":{"line":111,"column":56}},"53":{"start":{"line":112,"column":21},"end":{"line":112,"column":107}},"54":{"start":{"line":114,"column":8},"end":{"line":116,"column":9}},"55":{"start":{"line":115,"column":12},"end":{"line":115,"column":57}},"56":{"start":{"line":118,"column":8},"end":{"line":118,"column":86}},"57":{"start":{"line":123,"column":42},"end":{"line":128,"column":1}},"58":{"start":{"line":124,"column":16},"end":{"line":126,"column":6}},"59":{"start":{"line":125,"column":8},"end":{"line":125,"column":40}},"60":{"start":{"line":127,"column":4},"end":{"line":127,"column":16}},"61":{"start":{"line":133,"column":0},"end":{"line":141,"column":2}}},"fnMap":{"0":{"name":"(anonymous_0)","decl":{"start":{"line":6,"column":24},"end":{"line":6,"column":25}},"loc":{"start":{"line":6,"column":55},"end":{"line":15,"column":1}},"line":6},"1":{"name":"(anonymous_1)","decl":{"start":{"line":18,"column":27},"end":{"line":18,"column":28}},"loc":{"start":{"line":18,"column":47},"end":{"line":29,"column":1}},"line":18},"2":{"name":"(anonymous_2)","decl":{"start":{"line":32,"column":24},"end":{"line":32,"column":25}},"loc":{"start":{"line":32,"column":44},"end":{"line":43,"column":1}},"line":32},"3":{"name":"(anonymous_3)","decl":{"start":{"line":46,"column":28},"end":{"line":46,"column":29}},"loc":{"start":{"line":46,"column":48},"end":{"line":82,"column":1}},"line":46},"4":{"name":"(anonymous_4)","decl":{"start":{"line":86,"column":38},"end":{"line":86,"column":39}},"loc":{"start":{"line":86,"column":50},"end":{"line":105,"column":1}},"line":86},"5":{"name":"(anonymous_5)","decl":{"start":{"line":108,"column":41},"end":{"line":108,"column":42}},"loc":{"start":{"line":108,"column":57},"end":{"line":120,"column":1}},"line":108},"6":{"name":"(anonymous_6)","decl":{"start":{"line":123,"column":42},"end":{"line":123,"column":43}},"loc":{"start":{"line":123,"column":48},"end":{"line":128,"column":1}},"line":123},"7":{"name":"(anonymous_7)","decl":{"start":{"line":124,"column":44},"end":{"line":124,"column":45}},"loc":{"start":{"line":124,"column":50},"end":{"line":126,"column":5}},"line":124}},"branchMap":{"0":{"loc":{"start":{"line":23,"column":8},"end":{"line":23,"column":94}},"type":"if","locations":[{"start":{"line":23,"column":8},"end":{"line":23,"column":94}},{"start":{},"end":{}}],"line":23},"1":{"loc":{"start":{"line":37,"column":8},"end":{"line":37,"column":94}},"type":"if","locations":[{"start":{"line":37,"column":8},"end":{"line":37,"column":94}},{"start":{},"end":{}}],"line":37},"2":{"loc":{"start":{"line":51,"column":21},"end":{"line":51,"column":50}},"type":"binary-expr","locations":[{"start":{"line":51,"column":21},"end":{"line":51,"column":45}},{"start":{"line":51,"column":49},"end":{"line":51,"column":50}}],"line":51},"3":{"loc":{"start":{"line":52,"column":22},"end":{"line":52,"column":53}},"type":"binary-expr","locations":[{"start":{"line":52,"column":22},"end":{"line":52,"column":47}},{"start":{"line":52,"column":51},"end":{"line":52,"column":53}}],"line":52},"4":{"loc":{"start":{"line":63,"column":8},"end":{"line":65,"column":9}},"type":"if","locations":[{"start":{"line":63,"column":8},"end":{"line":65,"column":9}},{"start":{},"end":{}}],"line":63},"5":{"loc":{"start":{"line":92,"column":8},"end":{"line":101,"column":9}},"type":"if","locations":[{"start":{"line":92,"column":8},"end":{"line":101,"column":9}},{"start":{},"end":{}}],"line":92}},"s":{"0":1,"1":1,"2":1,"3":1,"4":0,"5":0,"6":0,"7":0,"8":0,"9":0,"10":1,"11":0,"12":0,"13":0,"14":0,"15":0,"16":0,"17":0,"18":1,"19":0,"20":0,"21":0,"22":0,"23":0,"24":0,"25":0,"26":1,"27":0,"28":0,"29":0,"30":0,"31":0,"32":0,"33":0,"34":0,"35":0,"36":0,"37":0,"38":1,"39":0,"40":0,"41":0,"42":0,"43":0,"44":0,"45":0,"46":0,"47":0,"48":0,"49":1,"50":0,"51":0,"52":0,"53":0,"54":0,"55":0,"56":0,"57":1,"58":0,"59":0,"60":0,"61":1},"f":{"0":0,"1":0,"2":0,"3":0,"4":0,"5":0,"6":0,"7":0},"b":{"0":[0,0],"1":[0,0],"2":[0,0],"3":[0,0],"4":[0,0],"5":[0,0]},"_coverageSchema":"1a1c01bbd47fc00a2c39e90264f33305004495a9","hash":"f6b54246134d902505bda4cff1b175551b23c3d1"}
,"C:\\Users\\maazk\\OneDrive\\Desktop\\SQE\\SQE Project\\Web_Project\\Web_Project\\Web_Project_Backend\\modules\\persons\\Person.js": {"path":"C:\\Users\\maazk\\OneDrive\\Desktop\\SQE\\SQE Project\\Web_Project\\Web_Project\\Web_Project_Backend\\modules\\persons\\Person.js","statementMap":{"0":{"start":{"line":1,"column":17},"end":{"line":1,"column":36}},"1":{"start":{"line":3,"column":21},"end":{"line":11,"column":2}},"2":{"start":{"line":13,"column":15},"end":{"line":13,"column":53}},"3":{"start":{"line":14,"column":0},"end":{"line":14,"column":24}}},"fnMap":{},"branchMap":{},"s":{"0":1,"1":1,"2":1,"3":1},"f":{},"b":{},"_coverageSchema":"1a1c01bbd47fc00a2c39e90264f33305004495a9","hash":"8202d258185538254b53def7d0d135321ae9982d"}
[...]
,"37":{"start":{"line":87,"column":4},"end":{"line":96,"column":5}},"38":{"start":{"line":88,"column":23},"end":{"line":88,"column":33}},"39":{"start":{"line":89,"column":28},"end":{"line":89,"column":72}},"40":{"start":{"line":91,"column":8},"end":{"line":91,"column":85}},"41":{"start":{"line":91,"column":26},"end":{"line":91,"column":85}},"42":{"start":{"line":93,"column":8},"end":{"line":93,"column":85}},"43":{"start":{"line":95,"column":8},"end":{"line":95,"column":55}},"44":{"start":{"line":99,"column":0},"end":{"line":104,"column":2}}},"fnMap":{"0":{"name":"(anonymous_0)","decl":{"start":{"line":6,"column":28},"end":{"line":6,"column":29}},"loc":{"start":{"line":6,"column":48},"end":{"line":25,"column":1}},"line":6},"1":{"name":"(anonymous_1)","decl":{"start":{"line":16,"column":18},"end":{"line":16,"column":19}},"loc":{"start":{"line":16,"column":28},"end":{"line":18,"column":9}},"line":16},"2":{"name":"(anonymous_2)","decl":{"start":{"line":28,"column":32},"end":{"line":28,"column":33}},"loc":{"start":{"line":28,"column":52},"end":{"line":62,"column":1}},"line":28},"3":{"name":"(anonymous_3)","decl":{"start":{"line":66,"column":31},"end":{"line":66,"column":32}},"loc":{"start":{"line":66,"column":51},"end":{"line":83,"column":1}},"line":66},"4":{"name":"(anonymous_4)","decl":{"start":{"line":86,"column":31},"end":{"line":86,"column":32}},"loc":{"start":{"line":86,"column":51},"end":{"line":97,"column":1}},"line":86}},"branchMap":{"0":{"loc":{"start":{"line":31,"column":21},"end":{"line":31,"column":50}},"type":"binary-expr","locations":[{"start":{"line":31,"column":21},"end":{"line":31,"column":45}},{"start":{"line":31,"column":49},"end":{"line":31,"column":50}}],"line":31},"1":{"loc":{"start":{"line":32,"column":22},"end":{"line":32,"column":53}},"type":"binary-expr","locations":[{"start":{"line":32,"column":22},"end":{"line":32,"column":47}},{"start":{"line":32,"column":51},"end":{"line":32,"column":53}}],"line":32},"2":{"loc":{"start":{"line":43,"column":8},"end":{"line":45,"column":9}},"type":"if","locations":[{"start":{"line":43,"column":8},"end":{"line":45,"column":9}},{"start":{},"end":{}}],"line":43},"3":{"loc":{"start":{"line":77,"column":8},"end":{"line":77,"column":85}},"type":"if","locations":[{"start":{"line":77,"column":8},"end":{"line":77,"column":85}},{"start":{},"end":{}}],"line":77},"4":{"loc":{"start":{"line":91,"column":8},"end":{"line":91,"column":85}},"type":"if","locations":[{"start":{"line":91,"column":8},"end":{"line":91,"column":85}},{"start":{},"end":{}}],"line":91}},"s":{"0":1,"1":1,"2":1,"3":1,"4":1,"5":0,"6":0,"7":0,"8":0,"9":0,"10":0,"11":0,"12":0,"13":0,"14":0,"15":0,"16":1,"17":0,"18":0,"19":0,"20":0,"21":0,"22":0,"23":0,"24":0,"25":0,"26":0,"27":1,"28":0,"29":0,"30":0,"31":0,"32":0,"33":0,"34":0,"35":0,"36":1,"37":0,"38":0,"39":0,"40":0,"41":0,"42":0,"43":0,"44":1},"f":{"0":0,"1":0,"2":0,"3":0,"4":0},"b":{"0":[0,0],"1":[0,0],"2":[0,0],"3":[0,0],"4":[0,0]},"_coverageSchema":"1a1c01bbd47fc00a2c39e90264f33305004495a9","hash":"e5e049ac378d24ec53368722b81b3ee2af004df3"}
,"C:\\Users\\maazk\\OneDrive\\Desktop\\SQE\\SQE Project\\Web_Project\\Web_Project\\Web_Project_Backend\\modules\\watchHistory\\WatchHistory.js": {"path":"C:\\Users\\maazk\\OneDrive\\Desktop\\SQE\\SQE Project\\Web_Project\\Web_Project\\Web_Project_Backend\\modules\\watchHistory\\WatchHistory.js","statementMap":{"0":{"start":{"line":1,"column":17},"end":{"line":1,"column":36}},"1":{"start":{"line":3,"column":27},"end":{"line":13,"column":24}},"2":{"start":{"line":15,"column":21},"end":{"line":15,"column":71}},"3":{"start":{"line":17,"column":0},"end":{"line":17,"column":30}}},"fnMap":{},"branchMap":{},"s":{"0":1,"1":1,"2":1,"3":1},"f":{},"b":{},"_coverageSchema":"1a1c01bbd47fc00a2c39e90264f33305004495a9","hash":"c98c5ca8361d03d2d2e18d67799936c9fe8865fd"}
,"C:\\Users\\maazk\\OneDrive\\Desktop\\SQE\\SQE Project\\Web_Project\\Web_Project\\Web_Project_Backend\\modules\\watchHistory\\WatchHistoryController.js": {"path":"C:\\Users\\maazk\\OneDrive\\Desktop\\SQE\\SQE Project\\Web_Project\\Web_Project\\Web_Project_Backend\\modules\\watchHistory\\WatchHistoryController.js","statementMap":{"0":{"start":{"line":1,"column":14},"end":{"line":1,"column":40}},"1":{"start":{"line":2,"column":21},"end":{"line":2,"column":46}},"2":{"start":{"line":5,"column":27},"end":{"line":47,"column":1}},"3":{"start":{"line":6,"column":4},"end":{"line":46,"column":5}},"4":{"start":{"line":7,"column":27},"end":{"line":7,"column":37}},"5":{"start":{"line":10,"column":21},"end":{"line":10,"column":50}},"6":{"start":{"line":11,"column":22},"end":{"line":11,"column":53}},"7":{"start":{"line":12,"column":21},"end":{"line":12,"column":39}},"8":{"start":{"line":15,"column":29},"end":{"line":23,"column":14}},"9":{"start":{"line":25,"column":8},"end":{"line":27,"column":9}},"10":{"start":{"line":26,"column":12},"end":{"line":26,"column":80}},"11":{"start":{"line":30,"column":28},"end":{"line":30,"column":73}},"12":{"start":{"line":33,"column":8},"end":{"line":43,"column":11}},"13":{"start":{"line":45,"column":8},"end":{"line":45,"column":57}},"14":{"start":{"line":50,"column":26},"end":{"line":94,"column":1}},"15":{"start":{"line":51,"column":4},"end":{"line":93,"column":5}},"16":{"start":{"line":52,"column":36},"end":{"line":52,"column":44}},"17":{"start":{"line":55,"column":22},"end":{"line":55,"column":51}},"18":{"start":{"line":56,"column":8},"end":{"line":58,"column":9}},"19":{"start":{"line":57,"column":12},"end":{"line":57,"column":72}},"20":{"start":{"line":61,"column":8},"end":{"line":61,"column":25}},"21":{"start":{"line":62,"column":8},"end":{"line":62,"column":27}},"22":{"start":{"line":65,"column":27},"end":{"line":65,"column":65}},"23":{"start":{"line":67,"column":8},"end":{"line":83,"column":9}},"24":{"start":{"line":69,"column":12},"end":{"line":69,"column":75}},"25":{"start":{"line":72,"column":12},"end":{"line":74,"column":13}},"26":{"start":{"line":73,"column":16},"end":{"line":73,"column":91}},"27":{"start":{"line":77,"column":12},"end":{"line":77,"column":46}},"28":{"start":{"line":80,"column":12},"end":{"line":82,"column":13}},"29":{"start":{"line":81,"column":16},"end":{"line":81,"column":44}},"30":{"start":{"line":86,"column":8},"end":{"line":86,"column":34}},"31":{"start":{"line":89,"column":8},"end":{"line":89,"column":43}},"32":{"start":{"line":91,"column":8},"end":{"line":91,"column":60}},"33":{"start":{"line":92,"column":8},"end":{"line":92,"column":57}},"34":{"start":{"line":97,"column":31},"end":{"line":125,"column":1}},"35":{"start":{"line":98,"column":4},"end":{"line":124,"column":5}},"36":{"start":{"line":99,"column":36},"end":{"line":99,"column":46}},"37":{"start":{"line":101,"column":29},"end":{"line":101,"column":75}},"38":{"start":{"line":103,"column":8},"end":{"line":105,"column":9}},"39":{"start":{"line":104,"column":12},"end":{"line":104,"column":80}},"40":{"start":{"line":108,"column":22},"end":{"line":108,"column":27}},"41":{"start":{"line":109,"column":8},"end":{"line":118,"column":15}},"42":{"start":{"line":111,"column":16},"end":{"line":115,"column":17}},"43":{"start":{"line":113,"column":20},"end":{"line":113,"column":35}},"44":{"start":{"line":114,"column":20},"end":{"line":114,"column":29}},"45":{"start":{"line":116,"column":16},"end":{"line":116,"column":29}},"46":{"start":{"line":120,"column":8},"end":{"line":120,"column":34}},"47":{"start":{"line":121,"column":8},"end":{"line":121,"column":43}},"48":{"start":{"line":123,"column":8},"end":{"line":123,"column":57}},"49":{"start":{"line":127,"column":0},"end":{"line":131,"column":2}}},"fnMap":{"0":{"name":"(anonymous_0)","decl":{"start":{"line":5,"column":27},"end":{"line":5,"column":28}},"loc":{"start":{"line":5,"column":47},"end":{"line":47,"column":1}},"line":5},"1":{"name":"(anonymous_1)","decl":{"start":{"line":50,"column":26},"end":{"line":50,"column":27}},"loc":{"start":{"line":50,"column":46},"end":{"line":94,"column":1}},"line":50},"2":{"name":"(anonymous_2)","decl":{"start":{"line":97,"column":31},"end":{"line":97,"column":32}},"loc":{"start":{"line":97,"column":51},"end":{"line":125,"column":1}},"line":97},"3":{"name":"(anonymous_3)","decl":{"start":{"line":109,"column":57},"end":{"line":109,"column":58}},"loc":{"start":{"line":110,"column":12},"end":{"line":118,"column":13}},"line":110}},"branchMap":{"0":{"loc":{"start":{"line":10,"column":21},"end":{"line":10,"column":50}},"type":"binary-expr","locations":[{"start":{"line":10,"column":21},"end":{"line":10,"column":45}},{"start":{"line":10,"column":49},"end":{"line":10,"column":50}}],"line":10},"1":{"loc":{"start":{"line":11,"column":22},"end":{"line":11,"column":53}},"type":"binary-expr","locations":[{"start":{"line":11,"column":22},"end":{"line":11,"column":47}},{"start":{"line":11,"column":51},"end":{"line":11,"column":53}}],"line":11},"2":{"loc":{"start":{"line":25,"column":8},"end":{"line":27,"column":9}},"type":"if","locations":[{"start":{"line":25,"column":8},"end":{"line":27,"column":9}},{"start":{},"end":{}}],"line":25},"3":{"loc":{"start":{"line":56,"column":8},"end":{"line":58,"column":9}},"type":"if","locations":[{"start":{"line":56,"column":8},"end":{"line":58,"column":9}},{"start":{},"end":{}}],"line":56},"4":{"loc":{"start":{"line":67,"column":8},"end":{"line":83,"column":9}},"type":"if","locations":[{"start":{"line":67,"column":8},"end":{"line":83,"column":9}},{"start":{"line":70,"column":15},"end":{"line":83,"column":9}}],"line":67},"5":{"loc":{"start":{"line":72,"column":12},"end":{"line":74,"column":13}},"type":"if","locations":[{"start":{"line":72,"column":12},"end":{"line":74,"column":13}},{"start":{},"end":{}}],"line":72},"6":{"loc":{"start":{"line":80,"column":12},"end":{"line":82,"column":13}},"type":"if","locations":[{"start":{"line":80,"column":12},"end":{"line":82,"column":13}},{"start":{},"end":{}}],"line":80},"7":{"loc":{"start":{"line":103,"column":8},"end":{"line":105,"column":9}},"type":"if","locations":[{"start":{"line":103,"column":8},"end":{"line":105,"column":9}},{"start":{},"end":{}}],"line":103},"8":{"loc":{"start":{"line":111,"column":16},"end":{"line":115,"column":17}},"type":"if","locations":[{"start":{"line":111,"column":16},"end":{"line":115,"column":17}},{"start":{},"end":{}}],"line":111},"9":{"loc":{"start":{"line":111,"column":19},"end":{"line":111,"column":51}},"type":"binary-expr","locations":[{"start":{"line":111,"column":19},"end":{"line":111,"column":39}},{"start":{"line":111,"column":43},"end":{"line":111,"column":51}}],"line":111}},"s":{"0":1,"1":1,"2":1,"3":0,"4":0,"5":0,"6":0,"7":0,"8":0,"9":0,"10":0,"11":0,"12":0,"13":0,"14":1,"15":0,"16":0,"17":0,"18":0,"19":0,"20":0,"21":0,"22":0,"23":0,"24":0,"25":0,"26":0,"27":0,"28":0,"29":0,"30":0,"31":0,"32":0,"33":0,"34":1,"35":0,"36":0,"37":0,"38":0,"39":0,"40":0,"41":0,"42":0,"43":0,"44":0,"45":0,"46":0,"47":0,"48":0,"49":1},"f":{"0":0,"1":0,"2":0,"3":0},"b":{"0":[0,0],"1":[0,0],"2":[0,0],"3":[0,0],"4":[0,0],"5":[0,0],"6":[0,0],"7":[0,0],"8":[0,0],"9":[0,0]},"_coverageSchema":"1a1c01bbd47fc00a2c39e90264f33305004495a9","hash":"c90c6ca7723a83767e2c5e5eeb5d144a37856d88"}
,"C:\\Users\\maazk\\OneDrive\\Desktop\\SQE\\SQE Project\\Web_Project\\Web_Project\\Web_Project_Backend\\utility\\util.js": {"path":"C:\\Users\\maazk\\OneDrive\\Desktop\\SQE\\SQE Project\\Web_Project\\Web_Project\\Web_Project_Backend\\utility\\util.js","statementMap":{"0":{"start":{"line":1,"column":12},"end":{"line":1,"column":35}},"1":{"start":{"line":2,"column":15},"end":{"line":2,"column":32}},"2":{"start":{"line":3,"column":16},"end":{"line":3,"column":34}},"3":{"start":{"line":4,"column":25},"end":{"line":4,"column":55}},"4":{"start":{"line":5,"column":30},"end":{"line":5,"column":83}},"5":{"start":{"line":7,"column":19},"end":{"line":7,"column":533}},"6":{"start":{"line":9,"column":12},"end":{"line":9,"column":21}},"7":{"start":{"line":10,"column":0},"end":{"line":10,"column":24}},"8":{"start":{"line":13,"column":29},"end":{"line":52,"column":1}},"9":{"start":{"line":14,"column":32},"end":{"line":14,"column":40}},"10":{"start":{"line":15,"column":4},"end":{"line":51,"column":5}},"11":{"start":{"line":16,"column":21},"end":{"line":16,"column":50}},"12":{"start":{"line":18,"column":8},"end":{"line":47,"column":9}},"13":{"start":{"line":20,"column":12},"end":{"line":20,"column":29}},"14":{"start":{"line":21,"column":12},"end":{"line":31,"column":13}},"15":{"start":{"line":22,"column":30},"end":{"line":22,"column":106}},"16":{"start":{"line":23,"column":16},"end":{"line":28,"column":19}},"17":{"start":{"line":30,"column":16},"end":{"line":30,"column":80}},"18":{"start":{"line":35,"column":32},"end":{"line":35,"column":68}},"19":{"start":{"line":36,"column":12},"end":{"line":46,"column":13}},"20":{"start":{"line":37,"column":30},"end":{"line":37,"column":120}},"21":{"start":{"line":38,"column":16},"end":{"line":43,"column":19}},"22":{"start":{"line":45,"column":16},"end":{"line":45,"column":80}},"23":{"start":{"line":50,"column":8},"end":{"line":50,"column":96}},"24":{"start":{"line":55,"column":26},"end":{"line":68,"column":1}},"25":{"start":{"line":56,"column":23},"end":{"line":56,"column":51}},"26":{"start":{"line":57,"column":18},"end":{"line":57,"column":56}},"27":{"start":{"line":58,"column":4},"end":{"line":60,"column":5}},"28":{"start":{"line":59,"column":8},"end":{"line":59,"column":81}},"29":{"start":{"line":61,"column":4},"end":{"line":67,"column":7}},"30":{"start":{"line":62,"column":8},"end":{"line":64,"column":9}},"31":{"start":{"line":63,"column":12},"end":{"line":63,"column":70}},"32":{"start":{"line":65,"column":8},"end":{"line":65,"column":24}},"33":{"start":{"line":66,"column":8},"end":{"line":66,"column":15}},"34":{"start":{"line":82,"column":25},"end":{"line":82,"column":75}},"35":{"start":{"line":85,"column":19},"end":{"line":85,"column":36}},"36":{"start":{"line":87,"column":15},"end":{"line":87,"column":49}},"37":{"start":{"line":90,"column":19},"end":{"line":132,"column":1}},"38":{"start":{"line":91,"column":4},"end":{"line":131,"column":5}},"39":{"start":{"line":92,"column":26},"end":{"line":92,"column":34}},"40":{"start":{"line":94,"column":8},"end":{"line":96,"column":9}},"41":{"start":{"line":95,"column":12},"end":{"line":95,"column":74}},"42":{"start":{"line":99,"column":23},"end":{"line":102,"column":10}},"43":{"start":{"line":104,"column":24},"end":{"line":104,"column":43}},"44":{"start":{"line":105,"column":46},"end":{"line":105,"column":53}},"45":{"start":{"line":116,"column":25},"end":{"line":125,"column":9}},"46":{"start":{"line":127,"column":8},"end":{"line":127,"column":43}},"47":{"start":{"line":129,"column":8},"end":{"line":129,"column":72}},"48":{"start":{"line":130,"column":8},"end":{"line":130,"column":81}},"49":{"start":{"line":135,"column":30},"end":{"line":163,"column":1}},"50":{"start":{"line":136,"column":4},"end":{"line":162,"column":5}},"51":{"start":{"line":137,"column":8},"end":{"line":137,"column":29}},"52":{"start":{"line":138,"column":8},"end":{"line":140,"column":9}},"53":{"start":{"line":139,"column":12},"end":{"line":139,"column":75}},"54":{"start":{"line":142,"column":24},"end":{"line":142,"column":37}},"55":{"start":{"line":143,"column":22},"end":{"line":143,"column":51}},"56":{"start":{"line":145,"column":8},"end":{"line":147,"column":9}},"57":{"start":{"line":146,"column":12},"end":{"line":146,"column":73}},"58":{"start":{"line":150,"column":8},"end":{"line":150,"column":52}},"59":{"start":{"line":151,"column":8},"end":{"line":151,"column":48}},"60":{"start":{"line":154,"column":29},"end":{"line":154,"column":47}},"61":{"start":{"line":155,"column":8},"end":{"line":155,"column":49}},"62":{"start":{"line":156,"column":8},"end":{"line":158,"column":11}},"63":{"start":{"line":160,"column":8},"end":{"line":160,"column":69}},"64":{"start":{"line":161,"column":8},"end":{"line":161,"column":68}},"65":{"start":{"line":166,"column":0},"end":{"line":171,"column":1}}},"fnMap":{"0":{"name":"(anonymous_0)","decl":{"start":{"line":13,"column":29},"end":{"line":13,"column":30}},"loc":{"start":{"line":13,"column":49},"end":{"line":52,"column":1}},"line":13},"1":{"name":"(anonymous_1)","decl":{"start":{"line":55,"column":26},"end":{"line":55,"column":27}},"loc":{"start":{"line":55,"column":46},"end":{"line":68,"column":1}},"line":55},"2":{"name":"(anonymous_2)","decl":{"start":{"line":61,"column":34},"end":{"line":61,"column":35}},"loc":{"start":{"line":61,"column":49},"end":{"line":67,"column":5}},"line":61},"3":{"name":"(anonymous_3)","decl":{"start":{"line":90,"column":19},"end":{"line":90,"column":20}},"loc":{"start":{"line":90,"column":39},"end":{"line":132,"column":1}},"line":90},"4":{"name":"(anonymous_4)","decl":{"start":{"line":135,"column":30},"end":{"line":135,"column":31}},"loc":{"start":{"line":135,"column":50},"end":{"line":163,"column":1}},"line":135}},"branchMap":{"0":{"loc":{"start":{"line":18,"column":8},"end":{"line":47,"column":9}},"type":"if","locations":[{"start":{"line":18,"column":8},"end":{"line":47,"column":9}},{"start":{"line":34,"column":8},"end":{"line":47,"column":9}}],"line":18},"1":{"loc":{"start":{"line":21,"column":12},"end":{"line":31,"column":13}},"type":"if","locations":[{"start":{"line":21,"column":12},"end":{"line":31,"column":13}},{"start":{"line":29,"column":19},"end":{"line":31,"column":13}}],"line":21},"2":{"loc":{"start":{"line":21,"column":16},"end":{"line":21,"column":69}},"type":"binary-expr","locations":[{"start":{"line":21,"column":16},"end":{"line":21,"column":20}},{"start":{"line":21,"column":24},"end":{"line":21,"column":69}}],"line":21},"3":{"loc":{"start":{"line":36,"column":12},"end":{"line":46,"column":13}},"type":"if","locations":[{"start":{"line":36,"column":12},"end":{"line":46,"column":13}},{"start":{"line":44,"column":19},"end":{"line":46,"column":13}}],"line":36},"4":{"loc":{"start":{"line":36,"column":16},"end":{"line":36,"column":83}},"type":"binary-expr","locations":[{"start":{"line":36,"column":16},"end":{"line":36,"column":27}},{"start":{"line":36,"column":31},"end":{"line":36,"column":83}}],"line":36},"5":{"loc":{"start":{"line":57,"column":18},"end":{"line":57,"column":56}},"type":"binary-expr","locations":[{"start":{"line":57,"column":18},"end":{"line":57,"column":28}},{"start":{"line":57,"column":32},"end":{"line":57,"column":56}}],"line":57},"6":{"loc":{"start":{"line":58,"column":4},"end":{"line":60,"column":5}},"type":"if","locations":[{"start":{"line":58,"column":4},"end":{"line":60,"column":5}},{"start":{},"end":{}}],"line":58},"7":{"loc":{"start":{"line":62,"column":8},"end":{"line":64,"column":9}},"type":"if","locations":[{"start":{"line":62,"column":8},"end":{"line":64,"column":9}},{"start":{},"end":{}}],"line":62},"8":{"loc":{"start":{"line":94,"column":8},"end":{"line":96,"column":9}},"type":"if","locations":[{"start":{"line":94,"column":8},"end":{"line":96,"column":9}},{"start":{},"end":{}}],"line":94},"9":{"loc":{"start":{"line":138,"column":8},"end":{"line":140,"column":9}},"type":"if","locations":[{"start":{"line":138,"column":8},"end":{"line":140,"column":9}},{"start":{},"end":{}}],"line":138},"10":{"loc":{"start":{"line":145,"column":8},"end":{"line":147,"column":9}},"type":"if","locations":[{"start":{"line":145,"column":8},"end":{"line":147,"column":9}},{"start":{},"end":{}}],"line":145}},"s":{"0":1,"1":1,"2":1,"3":1,"4":1,"5":1,"6":1,"7":1,"8":1,"9":0,"10":0,"11":0,"12":0,"13":0,"14":0,"15":0,"16":0,"17":0,"18":0,"19":0,"20":0,"21":0,"22":0,"23":0,"24":1,"25":0,"26":0,"27":0,"28":0,"29":0,"30":0,"31":0,"32":0,"33":0,"34":1,"35":1,"36":1,"37":1,"38":0,"39":0,"40":0,"41":0,"42":0,"43":0,"44":0,"45":0,"46":0,"47":0,"48":0,"49":1,"50":0,"51":0,"52":0,"53":0,"54":0,"55":0,"56":0,"57":0,"58":0,"59":0,"60":0,"61":0,"62":0,"63":0,"64":0,"65":1},"f":{"0":0,"1":0,"2":0,"3":0,"4":0},"b":{"0":[0,0],"1":[0,0],"2":[0,0],"3":[0,0],"4":[0,0],"5":[0,0],"6":[0,0],"7":[0,0],"8":[0,0],"9":[0,0],"10":[0,0]},"_coverageSchema":"1a1c01bbd47fc00a2c39e90264f33305004495a9","hash":"1dfd78cf4680b4c7851cc9bcabd11f3b47916a1f"}
}
