TN:
SF:index.js
FN:131,(anonymous_0)
FN:132,(anonymous_1)
FN:134,(anonymous_2)
FNF:3
FNH:2
FNDA:1,(anonymous_0)
FNDA:0,(anonymous_1)
FNDA:1,(anonymous_2)
DA:1,1
DA:2,1
DA:3,1
DA:4,1
DA:6,1
DA:14,1
DA:15,1
DA:16,1
DA:17,1
DA:18,1
DA:19,1
DA:20,1
DA:21,1
DA:22,1
DA:23,1
DA:24,1
DA:26,1
DA:30,1
DA:31,1
DA:37,1
DA:38,1
DA:39,1
DA:40,1
DA:43,1
DA:44,1
DA:45,1
DA:46,1
DA:47,1
DA:48,1
DA:49,1
DA:50,1
DA:51,1
DA:54,1
DA:55,1
DA:56,1
DA:57,1
DA:58,1
DA:59,1
DA:60,1
DA:63,1
DA:64,1
DA:65,1
DA:66,1
DA:67,1
DA:70,1
DA:71,1
DA:72,1
DA:73,1
DA:74,1
DA:75,1
DA:76,1
DA:77,1
DA:80,1
DA:81,1
DA:82,1
DA:83,1
DA:84,1
DA:85,1
DA:86,1
DA:87,1
DA:88,1
DA:89,1
DA:92,1
DA:93,1
DA:94,1
DA:95,1
DA:96,1
DA:97,1
DA:98,1
DA:99,1
DA:102,1
DA:103,1
DA:104,1
DA:105,1
DA:108,1
DA:109,1
DA:110,1
DA:113,1
DA:114,1
DA:117,1
DA:118,1
DA:119,1
DA:120,1
DA:123,1
DA:124,1
DA:125,1
DA:126,1
DA:130,1
DA:131,1
DA:132,0
DA:134,1
DA:135,1
DA:138,1
LF:93
LH:92
BRF:0
BRH:0
end_of_record
TN:
SF:modules\adminSellerUser\AdminSellerController.js
FN:8,(anonymous_0)
FN:47,(anonymous_1)
FN:65,(anonymous_2)
FN:117,(anonymous_3)
FN:148,(anonymous_4)
FN:169,(anonymous_5)
FN:219,(anonymous_6)
FN:244,(anonymous_7)
FN:267,(anonymous_8)
FN:277,(anonymous_9)
FNF:10
FNH:0
FNDA:0,(anonymous_0)
FNDA:0,(anonymous_1)
FNDA:0,(anonymous_2)
FNDA:0,(anonymous_3)
FNDA:0,(anonymous_4)
FNDA:0,(anonymous_5)
FNDA:0,(anonymous_6)
FNDA:0,(anonymous_7)
FNDA:0,(anonymous_8)
FNDA:0,(anonymous_9)
DA:1,1
DA:2,1
DA:3,1
DA:4,1
DA:8,1
DA:9,0
DA:11,0
DA:13,0
DA:15,0
DA:16,0
DA:17,0
DA:21,0
DA:24,0
DA:34,0
DA:37,0
DA:40,0
DA:42,0
DA:43,0
DA:47,1
DA:48,0
DA:49,0
DA:50,0
DA:53,0
DA:54,0
DA:55,0
DA:58,0
DA:60,0
DA:61,0
DA:65,1
DA:66,0
DA:68,0
DA:69,0
DA:70,0
DA:73,0
DA:74,0
DA:77,0
DA:78,0
DA:81,0
DA:88,0
DA:89,0
DA:95,0
DA:108,0
DA:109,0
DA:117,1
DA:118,0
DA:119,0
DA:120,0
DA:122,0
DA:125,0
DA:126,0
DA:127,0
DA:131,0
DA:136,0
DA:137,0
DA:140,0
DA:142,0
DA:143,0
DA:148,1
DA:149,0
DA:150,0
DA:152,0
DA:153,0
DA:156,0
DA:158,0
DA:159,0
DA:162,0
DA:164,0
DA:165,0
DA:169,1
DA:170,0
DA:172,0
DA:173,0
DA:174,0
DA:176,0
DA:177,0
DA:180,0
DA:181,0
DA:184,0
DA:191,0
DA:192,0
DA:198,0
DA:211,0
DA:212,0
DA:219,1
DA:220,0
DA:221,0
DA:224,0
DA:227,0
DA:228,0
DA:229,0
DA:231,0
DA:236,0
DA:237,0
DA:244,1
DA:245,0
DA:246,0
DA:247,0
DA:248,0
DA:249,0
DA:252,0
DA:254,0
DA:263,0
DA:267,1
DA:269,0
DA:270,0
DA:271,0
DA:272,0
DA:273,0
DA:274,0
DA:276,0
DA:277,0
DA:278,0
DA:281,0
DA:282,0
DA:291,0
DA:297,1
LF:116
LH:14
BRDA:16,0,0,0
BRDA:16,0,1,0
BRDA:54,1,0,0
BRDA:54,1,1,0
BRDA:68,2,0,0
BRDA:68,2,1,0
BRDA:69,3,0,0
BRDA:69,3,1,0
BRDA:88,4,0,0
BRDA:88,4,1,0
BRDA:126,5,0,0
BRDA:126,5,1,0
BRDA:136,6,0,0
BRDA:136,6,1,0
BRDA:158,7,0,0
BRDA:158,7,1,0
BRDA:172,8,0,0
BRDA:172,8,1,0
BRDA:173,9,0,0
BRDA:173,9,1,0
BRDA:191,10,0,0
BRDA:191,10,1,0
BRDA:228,11,0,0
BRDA:228,11,1,0
BRF:24
BRH:0
end_of_record
TN:
SF:modules\adminSellerUser\AdminSellerUser.js
FNF:0
FNH:0
DA:1,1
DA:3,1
DA:15,1
DA:20,1
DA:31,1
DA:32,1
DA:35,1
LF:7
LH:7
BRF:0
BRH:0
end_of_record
TN:
SF:modules\adminSellerUser\SellerCard.js
FNF:0
FNH:0
DA:1,1
DA:3,1
DA:12,1
DA:14,1
LF:4
LH:4
BRF:0
BRH:0
end_of_record
TN:
SF:modules\adminSellerUser\SellerCardController.js
FN:5,(anonymous_0)
FN:31,(anonymous_1)
FNF:2
FNH:0
FNDA:0,(anonymous_0)
FNDA:0,(anonymous_1)
DA:1,1
DA:2,1
DA:5,1
DA:6,0
DA:7,0
DA:9,0
DA:10,0
DA:11,0
DA:14,0
DA:22,0
DA:23,0
DA:25,0
DA:28,1
DA:29,1
DA:31,1
DA:32,0
DA:33,0
DA:35,0
DA:36,0
DA:37,0
DA:38,0
DA:39,0
DA:40,0
DA:44,0
DA:52,0
DA:55,0
DA:56,0
DA:57,0
DA:61,0
DA:66,1
DA:68,1
LF:31
LH:8
BRDA:10,0,0,0
BRDA:10,0,1,0
BRDA:36,1,0,0
BRDA:36,1,1,0
BRDA:38,2,0,0
BRDA:38,2,1,0
BRF:6
BRH:0
end_of_record
TN:
SF:modules\adminSellerUser\UserController.js
FN:5,(anonymous_0)
FN:31,(anonymous_1)
FN:51,(anonymous_2)
FN:66,(anonymous_3)
FN:82,(anonymous_4)
FN:108,(anonymous_5)
FN:124,(anonymous_6)
FN:142,(anonymous_7)
FNF:8
FNH:0
FNDA:0,(anonymous_0)
FNDA:0,(anonymous_1)
FNDA:0,(anonymous_2)
FNDA:0,(anonymous_3)
FNDA:0,(anonymous_4)
FNDA:0,(anonymous_5)
FNDA:0,(anonymous_6)
FNDA:0,(anonymous_7)
DA:1,1
DA:2,1
DA:3,1
DA:5,1
DA:7,0
DA:8,0
DA:9,0
DA:10,0
DA:12,0
DA:13,0
DA:15,0
DA:17,0
DA:18,0
DA:20,0
DA:21,0
DA:23,0
DA:24,0
DA:26,0
DA:27,0
DA:31,1
DA:32,0
DA:33,0
DA:35,0
DA:40,0
DA:41,0
DA:44,0
DA:46,0
DA:51,1
DA:52,0
DA:53,0
DA:55,0
DA:57,0
DA:58,0
DA:60,0
DA:62,0
DA:66,1
DA:67,0
DA:70,0
DA:76,0
DA:78,0
DA:82,1
DA:83,0
DA:85,0
DA:86,0
DA:87,0
DA:89,0
DA:97,0
DA:98,0
DA:102,0
DA:104,0
DA:108,1
DA:109,0
DA:110,0
DA:112,0
DA:114,0
DA:115,0
DA:118,0
DA:120,0
DA:124,1
DA:125,0
DA:126,0
DA:128,0
DA:132,0
DA:133,0
DA:136,0
DA:138,0
DA:142,1
DA:143,0
DA:144,0
DA:146,0
DA:150,0
DA:151,0
DA:154,0
DA:156,0
DA:160,1
LF:75
LH:12
BRDA:9,0,0,0
BRDA:9,0,1,0
BRDA:12,1,0,0
BRDA:12,1,1,0
BRDA:17,2,0,0
BRDA:17,2,1,0
BRDA:40,3,0,0
BRDA:40,3,1,0
BRDA:57,4,0,0
BRDA:57,4,1,0
BRDA:97,5,0,0
BRDA:97,5,1,0
BRDA:114,6,0,0
BRDA:114,6,1,0
BRDA:132,7,0,0
BRDA:132,7,1,0
BRDA:150,8,0,0
BRDA:150,8,1,0
BRF:18
BRH:0
end_of_record
TN:
SF:modules\movies\Movie.js
FNF:0
FNH:0
DA:1,1
DA:3,1
DA:26,1
DA:27,1
LF:4
LH:4
BRF:0
BRH:0
end_of_record
TN:
SF:modules\movies\MoviesController.js
FN:13,(anonymous_0)
FN:14,(anonymous_1)
FN:28,(anonymous_2)
FN:29,(anonymous_3)
FN:37,(anonymous_4)
FN:50,(anonymous_5)
FN:53,(anonymous_6)
FN:97,(anonymous_7)
FN:118,(anonymous_8)
FN:133,(anonymous_9)
FN:177,(anonymous_10)
FN:198,(anonymous_11)
FN:217,(anonymous_12)
FN:236,(anonymous_13)
FN:254,(anonymous_14)
FN:275,(anonymous_15)
FN:276,(anonymous_16)
FN:372,(anonymous_17)
FN:389,(anonymous_18)
FN:412,(anonymous_19)
FN:426,(anonymous_20)
FN:459,(anonymous_21)
FN:477,(anonymous_22)
FN:486,(anonymous_23)
FN:496,(anonymous_24)
FN:519,(anonymous_25)
FN:538,(anonymous_26)
FN:553,(anonymous_27)
FN:558,(anonymous_28)
FN:563,(anonymous_29)
FNF:30
FNH:0
FNDA:0,(anonymous_0)
FNDA:0,(anonymous_1)
FNDA:0,(anonymous_2)
FNDA:0,(anonymous_3)
FNDA:0,(anonymous_4)
FNDA:0,(anonymous_5)
FNDA:0,(anonymous_6)
FNDA:0,(anonymous_7)
FNDA:0,(anonymous_8)
FNDA:0,(anonymous_9)
FNDA:0,(anonymous_10)
FNDA:0,(anonymous_11)
FNDA:0,(anonymous_12)
FNDA:0,(anonymous_13)
FNDA:0,(anonymous_14)
FNDA:0,(anonymous_15)
FNDA:0,(anonymous_16)
FNDA:0,(anonymous_17)
FNDA:0,(anonymous_18)
FNDA:0,(anonymous_19)
FNDA:0,(anonymous_20)
FNDA:0,(anonymous_21)
FNDA:0,(anonymous_22)
FNDA:0,(anonymous_23)
FNDA:0,(anonymous_24)
FNDA:0,(anonymous_25)
FNDA:0,(anonymous_26)
FNDA:0,(anonymous_27)
FNDA:0,(anonymous_28)
FNDA:0,(anonymous_29)
DA:1,1
DA:2,1
DA:3,1
DA:4,1
DA:5,1
DA:6,1
DA:7,1
DA:8,1
DA:9,1
DA:10,1
DA:12,1
DA:13,0
DA:14,0
DA:17,1
DA:19,1
DA:20,1
DA:22,1
DA:28,1
DA:29,0
DA:30,0
DA:38,0
DA:39,0
DA:41,0
DA:45,0
DA:50,1
DA:51,0
DA:53,0
DA:54,0
DA:55,0
DA:56,0
DA:61,0
DA:62,0
DA:65,0
DA:66,0
DA:69,0
DA:70,0
DA:74,0
DA:75,0
DA:77,0
DA:78,0
DA:79,0
DA:82,0
DA:84,0
DA:87,0
DA:92,0
DA:93,0
DA:97,1
DA:98,0
DA:99,0
DA:100,0
DA:101,0
DA:104,0
DA:112,0
DA:113,0
DA:115,0
DA:117,0
DA:118,0
DA:119,0
DA:122,0
DA:127,0
DA:128,0
DA:133,1
DA:134,0
DA:135,0
DA:136,0
DA:138,0
DA:139,0
DA:140,0
DA:143,0
DA:144,0
DA:145,0
DA:147,0
DA:148,0
DA:149,0
DA:150,0
DA:152,0
DA:153,0
DA:155,0
DA:162,0
DA:164,0
DA:169,0
DA:172,0
DA:177,1
DA:178,0
DA:179,0
DA:180,0
DA:181,0
DA:186,0
DA:189,0
DA:194,0
DA:198,1
DA:200,0
DA:201,0
DA:205,0
DA:208,0
DA:213,0
DA:217,1
DA:219,0
DA:220,0
DA:224,0
DA:227,0
DA:232,0
DA:236,1
DA:237,0
DA:238,0
DA:239,0
DA:242,0
DA:245,0
DA:250,0
DA:254,1
DA:255,0
DA:270,0
DA:272,0
DA:275,0
DA:276,0
DA:280,0
DA:281,0
DA:282,0
DA:285,0
DA:286,0
DA:287,0
DA:290,0
DA:291,0
DA:292,0
DA:295,0
DA:296,0
DA:297,0
DA:301,0
DA:302,0
DA:303,0
DA:305,0
DA:306,0
DA:307,0
DA:311,0
DA:312,0
DA:313,0
DA:318,0
DA:319,0
DA:325,0
DA:329,0
DA:330,0
DA:331,0
DA:333,0
DA:339,0
DA:343,0
DA:344,0
DA:345,0
DA:349,0
DA:350,0
DA:351,0
DA:355,0
DA:356,0
DA:357,0
DA:360,0
DA:361,0
DA:366,0
DA:368,0
DA:372,1
DA:375,0
DA:377,0
DA:378,0
DA:380,0
DA:386,0
DA:389,1
DA:390,0
DA:394,0
DA:407,0
DA:409,0
DA:412,1
DA:413,0
DA:417,0
DA:420,0
DA:422,0
DA:426,1
DA:427,0
DA:428,0
DA:429,0
DA:430,0
DA:431,0
DA:433,0
DA:435,0
DA:439,0
DA:441,0
DA:443,0
DA:444,0
DA:447,0
DA:448,0
DA:449,0
DA:451,0
DA:452,0
DA:454,0
DA:459,1
DA:460,0
DA:463,0
DA:464,0
DA:465,0
DA:469,0
DA:471,0
DA:472,0
DA:474,0
DA:477,1
DA:479,0
DA:481,0
DA:483,0
DA:486,1
DA:488,0
DA:490,0
DA:492,0
DA:496,1
DA:497,0
DA:498,0
DA:499,0
DA:500,0
DA:504,0
DA:505,0
DA:506,0
DA:510,0
DA:512,0
DA:514,0
DA:519,1
DA:520,0
DA:524,0
DA:528,0
DA:530,0
DA:531,0
DA:538,1
DA:539,0
DA:540,0
DA:547,0
DA:549,0
DA:553,1
DA:554,0
DA:555,0
DA:558,1
DA:559,0
DA:560,0
DA:563,1
DA:564,0
DA:565,0
DA:569,1
LF:240
LH:38
BRDA:38,0,0,0
BRDA:38,0,1,0
BRDA:54,1,0,0
BRDA:54,1,1,0
BRDA:61,2,0,0
BRDA:61,2,1,0
BRDA:69,3,0,0
BRDA:69,3,1,0
BRDA:100,4,0,0
BRDA:100,4,1,0
BRDA:136,5,0,0
BRDA:136,5,1,0
BRDA:139,6,0,0
BRDA:139,6,1,0
BRDA:147,7,0,0
BRDA:147,7,1,0
BRDA:150,8,0,0
BRDA:150,8,1,0
BRDA:280,9,0,0
BRDA:280,9,1,0
BRDA:285,10,0,0
BRDA:285,10,1,0
BRDA:290,11,0,0
BRDA:290,11,1,0
BRDA:295,12,0,0
BRDA:295,12,1,0
BRDA:301,13,0,0
BRDA:301,13,1,0
BRDA:305,14,0,0
BRDA:305,14,1,0
BRDA:311,15,0,0
BRDA:311,15,1,0
BRDA:311,16,0,0
BRDA:311,16,1,0
BRDA:318,17,0,0
BRDA:318,17,1,0
BRDA:329,18,0,0
BRDA:329,18,1,0
BRDA:343,19,0,0
BRDA:343,19,1,0
BRDA:349,20,0,0
BRDA:349,20,1,0
BRDA:355,21,0,0
BRDA:355,21,1,0
BRDA:377,22,0,0
BRDA:377,22,1,0
BRDA:430,23,0,0
BRDA:430,23,1,0
BRDA:443,24,0,0
BRDA:443,24,1,0
BRDA:464,25,0,0
BRDA:464,25,1,0
BRDA:499,26,0,0
BRDA:499,26,1,0
BRDA:505,27,0,0
BRDA:505,27,1,0
BRF:56
BRH:0
end_of_record
TN:
SF:modules\notification\EmailNotifications.js
FN:3,(anonymous_0)
FNF:1
FNH:0
FNDA:0,(anonymous_0)
DA:1,1
DA:3,1
DA:4,0
DA:7,0
DA:16,0
DA:22,0
DA:23,0
DA:26,1
LF:8
LH:3
BRF:0
BRH:0
end_of_record
TN:
SF:modules\notification\Notification.js
FNF:0
FNH:0
DA:1,1
DA:3,1
DA:10,1
LF:3
LH:3
BRF:0
BRH:0
end_of_record
TN:
SF:modules\notification\NotificationController.js
FN:6,(anonymous_0)
FN:18,(anonymous_1)
FN:32,(anonymous_2)
FN:46,(anonymous_3)
FN:86,(anonymous_4)
FN:108,(anonymous_5)
FN:123,(anonymous_6)
FN:124,(anonymous_7)
FNF:8
FNH:0
FNDA:0,(anonymous_0)
FNDA:0,(anonymous_1)
FNDA:0,(anonymous_2)
FNDA:0,(anonymous_3)
FNDA:0,(anonymous_4)
FNDA:0,(anonymous_5)
FNDA:0,(anonymous_6)
FNDA:0,(anonymous_7)
DA:1,1
DA:2,1
DA:3,1
DA:6,1
DA:7,0
DA:8,0
DA:9,0
DA:10,0
DA:12,0
DA:13,0
DA:18,1
DA:19,0
DA:20,0
DA:21,0
DA:23,0
DA:25,0
DA:27,0
DA:32,1
DA:33,0
DA:34,0
DA:35,0
DA:37,0
DA:39,0
DA:41,0
DA:46,1
DA:47,0
DA:48,0
DA:51,0
DA:52,0
DA:53,0
DA:56,0
DA:59,0
DA:63,0
DA:64,0
DA:68,0
DA:80,0
DA:86,1
DA:87,0
DA:88,0
DA:92,0
DA:93,0
DA:94,0
DA:95,0
DA:96,0
DA:97,0
DA:98,0
DA:103,0
DA:108,1
DA:109,0
DA:110,0
DA:111,0
DA:112,0
DA:114,0
DA:115,0
DA:118,0
DA:123,1
DA:124,0
DA:125,0
DA:127,0
DA:133,1
LF:60
LH:11
BRDA:23,0,0,0
BRDA:23,0,1,0
BRDA:37,1,0,0
BRDA:37,1,1,0
BRDA:51,2,0,0
BRDA:51,2,1,0
BRDA:52,3,0,0
BRDA:52,3,1,0
BRDA:63,4,0,0
BRDA:63,4,1,0
BRDA:92,5,0,0
BRDA:92,5,1,0
BRF:12
BRH:0
end_of_record
TN:
SF:modules\persons\Person.js
FNF:0
FNH:0
DA:1,1
DA:3,1
DA:13,1
DA:14,1
LF:4
LH:4
BRF:0
BRH:0
end_of_record
TN:
SF:modules\persons\PersonController.js
FN:4,(anonymous_0)
FN:25,(anonymous_1)
FN:40,(anonymous_2)
FN:59,(anonymous_3)
FN:80,(anonymous_4)
FNF:5
FNH:5
FNDA:2,(anonymous_0)
FNDA:3,(anonymous_1)
FNDA:3,(anonymous_2)
FNDA:3,(anonymous_3)
FNDA:3,(anonymous_4)
DA:1,1
DA:4,1
DA:5,2
DA:6,2
DA:8,2
DA:17,2
DA:18,1
DA:20,1
DA:25,1
DA:26,3
DA:27,3
DA:28,3
DA:29,2
DA:30,1
DA:32,1
DA:35,1
DA:40,1
DA:41,3
DA:43,3
DA:45,2
DA:46,1
DA:50,1
DA:54,1
DA:59,1
DA:60,3
DA:61,3
DA:63,3
DA:69,2
DA:70,1
DA:73,1
DA:75,1
DA:80,1
DA:81,3
DA:82,3
DA:84,2
DA:85,1
DA:88,1
DA:90,1
DA:94,1
LF:39
LH:39
BRDA:29,0,0,1
BRDA:29,0,1,1
BRDA:45,1,0,1
BRDA:45,1,1,1
BRDA:69,2,0,1
BRDA:69,2,1,1
BRDA:84,3,0,1
BRDA:84,3,1,1
BRF:8
BRH:8
end_of_record
TN:
SF:modules\recomendation\RecomendationController.js
FN:7,(anonymous_0)
FN:25,(anonymous_1)
FN:29,(anonymous_2)
FN:44,(anonymous_3)
FN:56,(anonymous_4)
FN:63,(anonymous_5)
FN:71,(anonymous_6)
FN:89,(anonymous_7)
FNF:8
FNH:0
FNDA:0,(anonymous_0)
FNDA:0,(anonymous_1)
FNDA:0,(anonymous_2)
FNDA:0,(anonymous_3)
FNDA:0,(anonymous_4)
FNDA:0,(anonymous_5)
FNDA:0,(anonymous_6)
FNDA:0,(anonymous_7)
DA:1,1
DA:2,1
DA:3,1
DA:4,1
DA:5,1
DA:7,1
DA:8,0
DA:9,0
DA:11,0
DA:13,0
DA:14,0
DA:17,0
DA:20,0
DA:24,0
DA:25,0
DA:29,0
DA:30,0
DA:34,0
DA:36,0
DA:38,0
DA:40,0
DA:44,1
DA:45,0
DA:46,0
DA:48,0
DA:49,0
DA:50,0
DA:53,0
DA:55,0
DA:56,0
DA:59,0
DA:61,0
DA:63,0
DA:65,0
DA:67,0
DA:71,1
DA:72,0
DA:73,0
DA:79,0
DA:84,0
DA:86,0
DA:89,1
DA:90,0
DA:91,0
DA:96,0
DA:101,0
DA:103,0
DA:106,1
LF:48
LH:10
BRDA:13,0,0,0
BRDA:13,0,1,0
BRDA:13,1,0,0
BRDA:13,1,1,0
BRDA:49,2,0,0
BRDA:49,2,1,0
BRF:6
BRH:0
end_of_record
TN:
SF:modules\reviews\ReviewController.js
FN:7,(anonymous_0)
FN:23,(anonymous_1)
FN:39,(anonymous_2)
FN:66,(anonymous_3)
FN:83,(anonymous_4)
FN:123,(anonymous_5)
FN:138,(anonymous_6)
FN:171,(anonymous_7)
FN:186,(anonymous_8)
FN:190,(anonymous_9)
FN:198,(anonymous_10)
FN:213,(anonymous_11)
FN:228,(anonymous_12)
FN:232,(anonymous_13)
FN:240,(anonymous_14)
FN:254,(anonymous_15)
FNF:16
FNH:0
FNDA:0,(anonymous_0)
FNDA:0,(anonymous_1)
FNDA:0,(anonymous_2)
FNDA:0,(anonymous_3)
FNDA:0,(anonymous_4)
FNDA:0,(anonymous_5)
FNDA:0,(anonymous_6)
FNDA:0,(anonymous_7)
FNDA:0,(anonymous_8)
FNDA:0,(anonymous_9)
FNDA:0,(anonymous_10)
FNDA:0,(anonymous_11)
FNDA:0,(anonymous_12)
FNDA:0,(anonymous_13)
FNDA:0,(anonymous_14)
FNDA:0,(anonymous_15)
DA:1,1
DA:2,1
DA:3,1
DA:4,1
DA:7,1
DA:8,0
DA:9,0
DA:11,0
DA:13,0
DA:15,0
DA:16,0
DA:18,0
DA:19,0
DA:21,0
DA:22,0
DA:23,0
DA:24,0
DA:27,0
DA:28,0
DA:30,0
DA:32,0
DA:34,0
DA:39,1
DA:40,0
DA:41,0
DA:42,0
DA:45,0
DA:52,0
DA:53,0
DA:57,0
DA:58,0
DA:59,0
DA:63,0
DA:64,0
DA:66,0
DA:67,0
DA:70,0
DA:71,0
DA:74,0
DA:77,0
DA:79,0
DA:83,1
DA:84,0
DA:85,0
DA:88,0
DA:89,0
DA:90,0
DA:93,0
DA:99,0
DA:101,0
DA:102,0
DA:106,0
DA:118,0
DA:123,1
DA:124,0
DA:125,0
DA:127,0
DA:132,0
DA:134,0
DA:138,1
DA:139,0
DA:140,0
DA:141,0
DA:142,0
DA:144,0
DA:145,0
DA:147,0
DA:148,0
DA:150,0
DA:154,0
DA:155,0
DA:158,0
DA:161,0
DA:167,0
DA:171,1
DA:172,0
DA:173,0
DA:175,0
DA:177,0
DA:183,0
DA:185,0
DA:186,0
DA:190,0
DA:196,0
DA:197,0
DA:198,0
DA:199,0
DA:200,0
DA:205,0
DA:206,0
DA:208,0
DA:213,1
DA:214,0
DA:215,0
DA:217,0
DA:219,0
DA:225,0
DA:227,0
DA:228,0
DA:232,0
DA:238,0
DA:239,0
DA:240,0
DA:241,0
DA:242,0
DA:247,0
DA:248,0
DA:250,0
DA:254,1
DA:255,0
DA:257,0
DA:258,0
DA:260,0
DA:261,0
DA:264,0
DA:266,0
DA:268,0
DA:272,1
LF:118
LH:13
BRDA:11,0,0,0
BRDA:11,0,1,0
BRDA:11,1,0,0
BRDA:11,1,1,0
BRDA:16,2,0,0
BRDA:16,2,1,0
BRDA:52,3,0,0
BRDA:52,3,1,0
BRDA:58,4,0,0
BRDA:58,4,1,0
BRDA:70,5,0,0
BRDA:70,5,1,0
BRDA:88,6,0,0
BRDA:88,6,1,0
BRDA:89,7,0,0
BRDA:89,7,1,0
BRDA:101,8,0,0
BRDA:101,8,1,0
BRDA:147,9,0,0
BRDA:147,9,1,0
BRDA:154,10,0,0
BRDA:154,10,1,0
BRDA:260,11,0,0
BRDA:260,11,1,0
BRF:24
BRH:0
end_of_record
TN:
SF:modules\reviews\Reviews.js
FNF:0
FNH:0
DA:1,1
DA:3,1
DA:10,1
DA:11,1
LF:4
LH:4
BRF:0
BRH:0
end_of_record
TN:
SF:modules\subscriptionManagement\CustomerSubscription.js
FNF:0
FNH:0
DA:1,1
DA:3,1
DA:12,1
DA:14,1
LF:4
LH:4
BRF:0
BRH:0
end_of_record
TN:
SF:modules\subscriptionManagement\CustomerSubscriptionController.js
FN:7,(anonymous_0)
FN:81,(anonymous_1)
FN:117,(anonymous_2)
FN:134,(anonymous_3)
FN:167,(anonymous_4)
FNF:5
FNH:0
FNDA:0,(anonymous_0)
FNDA:0,(anonymous_1)
FNDA:0,(anonymous_2)
FNDA:0,(anonymous_3)
FNDA:0,(anonymous_4)
DA:1,1
DA:2,1
DA:3,1
DA:4,1
DA:5,1
DA:7,1
DA:8,0
DA:10,0
DA:11,0
DA:12,0
DA:14,0
DA:15,0
DA:18,0
DA:20,0
DA:21,0
DA:25,0
DA:37,0
DA:40,0
DA:44,0
DA:47,0
DA:51,0
DA:54,0
DA:63,0
DA:66,0
DA:68,0
DA:70,0
DA:71,0
DA:81,1
DA:82,0
DA:85,0
DA:86,0
DA:88,0
DA:89,0
DA:90,0
DA:92,0
DA:101,0
DA:102,0
DA:104,0
DA:106,0
DA:108,0
DA:109,0
DA:111,0
DA:112,0
DA:117,1
DA:118,0
DA:119,0
DA:120,0
DA:122,0
DA:124,0
DA:134,1
DA:135,0
DA:136,0
DA:138,0
DA:141,0
DA:147,0
DA:149,0
DA:150,0
DA:153,0
DA:154,0
DA:155,0
DA:156,0
DA:157,0
DA:161,0
DA:163,0
DA:167,1
DA:168,0
DA:171,1
LF:67
LH:11
BRDA:14,0,0,0
BRDA:14,0,1,0
BRDA:20,1,0,0
BRDA:20,1,1,0
BRDA:86,2,0,0
BRDA:86,2,1,0
BRDA:154,3,0,0
BRDA:154,3,1,0
BRF:8
BRH:0
end_of_record
TN:
SF:modules\subscriptionManagement\SubscriptionPlan.js
FNF:0
FNH:0
DA:1,1
DA:2,1
DA:9,1
DA:11,1
LF:4
LH:4
BRF:0
BRH:0
end_of_record
TN:
SF:modules\subscriptionManagement\SubscriptionPlanController.js
FN:6,(anonymous_0)
FN:16,(anonymous_1)
FN:28,(anonymous_2)
FN:66,(anonymous_3)
FN:86,(anonymous_4)
FNF:5
FNH:0
FNDA:0,(anonymous_0)
FNDA:0,(anonymous_1)
FNDA:0,(anonymous_2)
FNDA:0,(anonymous_3)
FNDA:0,(anonymous_4)
DA:1,1
DA:2,1
DA:3,1
DA:4,1
DA:6,1
DA:7,0
DA:8,0
DA:10,0
DA:11,0
DA:13,0
DA:15,0
DA:16,0
DA:17,0
DA:20,0
DA:21,0
DA:23,0
DA:28,1
DA:29,0
DA:31,0
DA:32,0
DA:33,0
DA:36,0
DA:39,0
DA:43,0
DA:44,0
DA:48,0
DA:60,0
DA:66,1
DA:67,0
DA:68,0
DA:69,0
DA:71,0
DA:77,0
DA:79,0
DA:81,0
DA:86,1
DA:87,0
DA:88,0
DA:89,0
DA:91,0
DA:93,0
DA:95,0
DA:99,1
LF:43
LH:9
BRDA:31,0,0,0
BRDA:31,0,1,0
BRDA:32,1,0,0
BRDA:32,1,1,0
BRDA:43,2,0,0
BRDA:43,2,1,0
BRDA:77,3,0,0
BRDA:77,3,1,0
BRDA:91,4,0,0
BRDA:91,4,1,0
BRF:10
BRH:0
end_of_record
TN:
SF:modules\watchHistory\WatchHistory.js
FNF:0
FNH:0
DA:1,1
DA:3,1
DA:15,1
DA:17,1
LF:4
LH:4
BRF:0
BRH:0
end_of_record
TN:
SF:modules\watchHistory\WatchHistoryController.js
FN:5,(anonymous_0)
FN:50,(anonymous_1)
FN:97,(anonymous_2)
FN:109,(anonymous_3)
FNF:4
FNH:0
FNDA:0,(anonymous_0)
FNDA:0,(anonymous_1)
FNDA:0,(anonymous_2)
FNDA:0,(anonymous_3)
DA:1,1
DA:2,1
DA:5,1
DA:6,0
DA:7,0
DA:10,0
DA:11,0
DA:12,0
DA:15,0
DA:25,0
DA:26,0
DA:30,0
DA:33,0
DA:45,0
DA:50,1
DA:51,0
DA:52,0
DA:55,0
DA:56,0
DA:57,0
DA:61,0
DA:62,0
DA:65,0
DA:67,0
DA:69,0
DA:72,0
DA:73,0
DA:77,0
DA:80,0
DA:81,0
DA:86,0
DA:89,0
DA:91,0
DA:92,0
DA:97,1
DA:98,0
DA:99,0
DA:101,0
DA:103,0
DA:104,0
DA:108,0
DA:109,0
DA:111,0
DA:113,0
DA:114,0
DA:116,0
DA:120,0
DA:121,0
DA:123,0
DA:127,1
LF:50
LH:6
BRDA:10,0,0,0
BRDA:10,0,1,0
BRDA:11,1,0,0
BRDA:11,1,1,0
BRDA:25,2,0,0
BRDA:25,2,1,0
BRDA:56,3,0,0
BRDA:56,3,1,0
BRDA:67,4,0,0
BRDA:67,4,1,0
BRDA:72,5,0,0
BRDA:72,5,1,0
BRDA:80,6,0,0
BRDA:80,6,1,0
BRDA:103,7,0,0
BRDA:103,7,1,0
BRDA:111,8,0,0
BRDA:111,8,1,0
BRDA:111,9,0,0
BRDA:111,9,1,0
BRF:20
BRH:0
end_of_record
TN:
SF:utility\util.js
FN:13,(anonymous_0)
FN:55,(anonymous_1)
FN:61,(anonymous_2)
FN:90,(anonymous_3)
FN:135,(anonymous_4)
FNF:5
FNH:0
FNDA:0,(anonymous_0)
FNDA:0,(anonymous_1)
FNDA:0,(anonymous_2)
FNDA:0,(anonymous_3)
FNDA:0,(anonymous_4)
DA:1,1
DA:2,1
DA:3,1
DA:4,1
DA:5,1
DA:7,1
DA:9,1
DA:10,1
DA:13,1
DA:14,0
DA:15,0
DA:16,0
DA:18,0
DA:20,0
DA:21,0
DA:22,0
DA:23,0
DA:30,0
DA:35,0
DA:36,0
DA:37,0
DA:38,0
DA:45,0
DA:50,0
DA:55,1
DA:56,0
DA:57,0
DA:58,0
DA:59,0
DA:61,0
DA:62,0
DA:63,0
DA:65,0
DA:66,0
DA:82,1
DA:85,1
DA:87,1
DA:90,1
DA:91,0
DA:92,0
DA:94,0
DA:95,0
DA:99,0
DA:104,0
DA:105,0
DA:116,0
DA:127,0
DA:129,0
DA:130,0
DA:135,1
DA:136,0
DA:137,0
DA:138,0
DA:139,0
DA:142,0
DA:143,0
DA:145,0
DA:146,0
DA:150,0
DA:151,0
DA:154,0
DA:155,0
DA:156,0
DA:160,0
DA:161,0
DA:166,1
LF:66
LH:16
BRDA:18,0,0,0
BRDA:18,0,1,0
BRDA:21,1,0,0
BRDA:21,1,1,0
BRDA:21,2,0,0
BRDA:21,2,1,0
BRDA:36,3,0,0
BRDA:36,3,1,0
BRDA:36,4,0,0
BRDA:36,4,1,0
BRDA:57,5,0,0
BRDA:57,5,1,0
BRDA:58,6,0,0
BRDA:58,6,1,0
BRDA:62,7,0,0
BRDA:62,7,1,0
BRDA:94,8,0,0
BRDA:94,8,1,0
BRDA:138,9,0,0
BRDA:138,9,1,0
BRDA:145,10,0,0
BRDA:145,10,1,0
BRF:22
BRH:0
end_of_record
